2001.05.10 20:59 B C:\Homepi\profile1.htm --> ftp.dreamwiz.com / profile1.htm
2001.05.10 21:06 B C:\Homepi\sitelink.htm --> ftp.dreamwiz.com / sitelink.htm
2001.05.10 21:06 B C:\Homepi\vellvet.jpg --> ftp.dreamwiz.com / vellvet.jpg
2001.05.10 21:06 B C:\Homepi\vellvet.gif --> ftp.dreamwiz.com / vellvet.gif
2001.05.12 19:12 B C:\Homepi\left.htm --> ftp.dreamwiz.com / left.htm
2001.05.12 19:13 B C:\Homepi\left.htm --> ftp.dreamwiz.com / left.htm
2001.05.12 19:30 B C:\Homepi\left.htm --> ftp.dreamwiz.com / left.htm
2001.05.12 19:30 B C:\Homepi\main.htm --> ftp.dreamwiz.com / main.htm
2001.05.12 19:39 B C:\Homepi\index.htm --> ftp.dreamwiz.com / index.htm
2001.05.12 20:17 B C:\Homepi\top1.jpg --> ftp.dreamwiz.com / top1.jpg
2001.05.12 20:17 B C:\Homepi\top11.jpg --> ftp.dreamwiz.com / top11.jpg
2001.05.12 20:17 B C:\Homepi\top12.jpg --> ftp.dreamwiz.com / top12.jpg
2001.05.12 20:17 B C:\Homepi\top2.jpg --> ftp.dreamwiz.com / top2.jpg
2001.05.12 20:17 B C:\Homepi\top21.jpg --> ftp.dreamwiz.com / top21.jpg
2001.05.12 20:17 B C:\Homepi\top22.jpg --> ftp.dreamwiz.com / top22.jpg
2001.05.12 20:17 B C:\Homepi\top3.jpg --> ftp.dreamwiz.com / top3.jpg
2001.05.12 20:17 B C:\Homepi\top31.jpg --> ftp.dreamwiz.com / top31.jpg
2001.05.12 20:17 B C:\Homepi\top32.jpg --> ftp.dreamwiz.com / top32.jpg
2001.05.12 20:17 B C:\Homepi\top41.jpg --> ftp.dreamwiz.com / top41.jpg
2001.05.12 20:17 B C:\Homepi\top42.jpg --> ftp.dreamwiz.com / top42.jpg
2001.05.12 20:17 B C:\Homepi\top51.jpg --> ftp.dreamwiz.com / top51.jpg
2001.05.12 20:17 B C:\Homepi\top52.jpg --> ftp.dreamwiz.com / top52.jpg
2001.05.12 20:28 B C:\Homepi\top3.jpg --> ftp.dreamwiz.com / top3.jpg
2001.05.12 20:38 B C:\Homepi\top3.jpg --> ftp.dreamwiz.com / top3.jpg
2001.05.12 20:38 B C:\Homepi\top2.jpg --> ftp.dreamwiz.com / top2.jpg
2001.05.12 20:38 B C:\Homepi\top1.jpg --> ftp.dreamwiz.com / top1.jpg
2001.05.12 20:41 B C:\Homepi\top52.jpg --> ftp.dreamwiz.com / top52.jpg
2001.05.12 21:14 B C:\Homepi\main.htm --> ftp.dreamwiz.com / main.htm
2001.05.12 21:14 B C:\Homepi\main.htm --> ftp.dreamwiz.com / main.htm
2001.05.12 21:17 B C:\Homepi\left.htm --> ftp.dreamwiz.com / left.htm
2001.05.12 21:17 B C:\Homepi\left1.htm --> ftp.dreamwiz.com / left1.htm
2001.05.12 21:20 B C:\Homepi\left1.htm --> ftp.dreamwiz.com / left1.htm
2001.05.12 21:20 B C:\Homepi\left.htm --> ftp.dreamwiz.com / left.htm
2001.05.12 21:21 B C:\Homepi\left.htm --> ftp.dreamwiz.com / left.htm
2001.05.12 21:21 B C:\Homepi\left1.htm --> ftp.dreamwiz.com / left1.htm
2001.05.12 21:27 B C:\Homepi\songmanx.jpg --> ftp.dreamwiz.com / songmanx.jpg
2001.05.12 22:07 B C:\Homepi\top1.jpg --> ftp.dreamwiz.com / top1.jpg
2001.05.12 22:07 B C:\Homepi\top1.jpg --> ftp.dreamwiz.com / top1.jpg
2001.05.12 22:10 B C:\Homepi\top1.jpg --> ftp.dreamwiz.com / top1.jpg
2001.05.13 00:37 B C:\Homepi\top.htm <-- Ipswitch / top.htm
2001.05.13 00:37 B C:\Homepi\top.htm <-- Ipswitch / top.htm
2001.05.17 01:26 B C:\Homepi\songmanx.jpg --> ftp.dreamwiz.com / songmanx.jpg
2001.05.17 01:27 B C:\Homepi\songmanx.jpg --> ftp.dreamwiz.com / songmanx.jpg
