2001.05.10 20:09 B C:\My Documents\Coffee-r\index.html --> yongso.ksu.ac.kr /home1/stdnt11/cs201059/public_html index.html
2001.05.10 20:09 B C:\My Documents\Coffee-r\bottom1.html --> yongso.ksu.ac.kr /home1/stdnt11/cs201059/public_html bottom1.html
2001.05.10 20:10 B C:\My Documents\Coffee-r\index1.html --> yongso.ksu.ac.kr /home1/stdnt11/cs201059/public_html index1.html
2001.05.10 20:39 B C:\My Documents\Coffee-r\index1.html --> yongso.ksu.ac.kr /home1/stdnt11/cs201059/public_html index1.html
2001.05.10 20:41 B C:\My Documents\Coffee-r\main.html --> yongso.ksu.ac.kr /home1/stdnt11/cs201059/public_html main.html
2001.05.10 20:44 B C:\My Documents\Coffee-r\main.html --> yongso.ksu.ac.kr /home1/stdnt11/cs201059/public_html main.html
2001.05.10 20:45 B C:\My Documents\Coffee-r\main.html --> yongso.ksu.ac.kr /home1/stdnt11/cs201059/public_html main.html
2001.05.10 20:46 B C:\My Documents\Coffee-r\main.html --> yongso.ksu.ac.kr /home1/stdnt11/cs201059/public_html main.html
2001.05.11 14:01 B C:\My Documents\Coffee-r\bottom.html --> yongso.ksu.ac.kr /home1/stdnt11/cs201059/public_html bottom.html
2001.05.11 14:01 B C:\My Documents\Coffee-r\left.html --> yongso.ksu.ac.kr /home1/stdnt11/cs201059/public_html left.html
2001.05.11 14:02 B C:\My Documents\Coffee-r\main.html --> yongso.ksu.ac.kr /home1/stdnt11/cs201059/public_html main.html
2001.05.11 14:02 B C:\My Documents\Coffee-r\right.html --> yongso.ksu.ac.kr /home1/stdnt11/cs201059/public_html right.html
2001.05.11 14:02 B C:\My Documents\Coffee-r\top.html --> yongso.ksu.ac.kr /home1/stdnt11/cs201059/public_html top.html
2001.05.11 14:02 B C:\My Documents\Coffee-r\main.html --> yongso.ksu.ac.kr /home1/stdnt11/cs201059/public_html main.html
2001.05.11 14:03 B C:\My Documents\Coffee-r\bottom.html --> yongso.ksu.ac.kr /home1/stdnt11/cs201059/public_html bottom.html
2001.05.11 14:04 B C:\My Documents\Coffee-r\main.html --> yongso.ksu.ac.kr /home1/stdnt11/cs201059/public_html main.html
2001.05.12 21:37 B C:\My Documents\Coffee-r\index1.html --> yongso.ksu.ac.kr /home1/stdnt11/cs201059/public_html index1.html
2001.05.12 21:39 B C:\My Documents\Coffee-r\index1.html --> yongso.ksu.ac.kr /home1/stdnt11/cs201059/public_html index1.html
2001.05.12 22:30 B C:\My Documents\Coffee-r\index1.html --> yongso.ksu.ac.kr /home1/stdnt11/cs201059/public_html index1.html
2001.05.12 22:32 B C:\My Documents\Coffee-r\index1.html --> yongso.ksu.ac.kr /home1/stdnt11/cs201059/public_html index1.html
2001.05.13 02:35 B C:\My Documents\Coffee-r\left.html --> yongso.ksu.ac.kr /home1/stdnt11/cs201059/public_html left.html
2001.05.13 02:35 B C:\My Documents\Coffee-r\top.html --> yongso.ksu.ac.kr /home1/stdnt11/cs201059/public_html top.html
2001.05.13 02:39 B C:\My Documents\Coffee-r\main.html --> yongso.ksu.ac.kr /home1/stdnt11/cs201059/public_html main.html
2001.05.13 02:39 B C:\My Documents\Coffee-r\right.html --> yongso.ksu.ac.kr /home1/stdnt11/cs201059/public_html right.html
2001.05.13 02:43 B C:\My Documents\Coffee-r\left.html --> yongso.ksu.ac.kr /home1/stdnt11/cs201059/public_html left.html
2001.05.13 02:43 B C:\My Documents\Coffee-r\top.html --> yongso.ksu.ac.kr /home1/stdnt11/cs201059/public_html top.html
2001.05.13 02:43 B C:\My Documents\Coffee-r\top.html --> yongso.ksu.ac.kr /home1/stdnt11/cs201059/public_html top.html
2001.05.13 02:43 B C:\My Documents\Coffee-r\left.html --> yongso.ksu.ac.kr /home1/stdnt11/cs201059/public_html left.html
2001.05.13 02:44 B C:\My Documents\Coffee-r\top.html --> yongso.ksu.ac.kr /home1/stdnt11/cs201059/public_html top.html
2001.05.13 02:45 B C:\My Documents\Coffee-r\top.html --> yongso.ksu.ac.kr /home1/stdnt11/cs201059/public_html top.html
2001.05.13 02:45 B C:\My Documents\Coffee-r\top.html --> yongso.ksu.ac.kr /home1/stdnt11/cs201059/public_html top.html
2001.05.13 02:46 B C:\My Documents\Coffee-r\top.html --> yongso.ksu.ac.kr /home1/stdnt11/cs201059/public_html top.html
2001.05.13 02:47 B C:\My Documents\Coffee-r\main.html --> yongso.ksu.ac.kr /home1/stdnt11/cs201059/public_html main.html
2001.05.13 02:48 B C:\My Documents\Coffee-r\top.html --> yongso.ksu.ac.kr /home1/stdnt11/cs201059/public_html top.html
2001.05.13 02:50 B C:\My Documents\Coffee-r\top.html --> yongso.ksu.ac.kr /home1/stdnt11/cs201059/public_html top.html
2001.05.13 02:54 B C:\My Documents\Coffee-r\top.html --> yongso.ksu.ac.kr /home1/stdnt11/cs201059/public_html top.html
2001.05.13 02:55 B C:\My Documents\Coffee-r\top.html --> yongso.ksu.ac.kr /home1/stdnt11/cs201059/public_html top.html
2001.05.13 02:56 B C:\My Documents\Coffee-r\top.html --> yongso.ksu.ac.kr /home1/stdnt11/cs201059/public_html top.html
2001.05.13 02:57 B C:\My Documents\Coffee-r\top.html --> yongso.ksu.ac.kr /home1/stdnt11/cs201059/public_html top.html
2001.05.13 02:57 B C:\My Documents\Coffee-r\top.html --> yongso.ksu.ac.kr /home1/stdnt11/cs201059/public_html top.html
2001.05.13 02:57 B C:\My Documents\Coffee-r\top.html --> yongso.ksu.ac.kr /home1/stdnt11/cs201059/public_html top.html
2001.05.13 03:01 B C:\My Documents\Coffee-r\top.html --> yongso.ksu.ac.kr /home1/stdnt11/cs201059/public_html top.html
2001.05.13 03:02 B C:\My Documents\Coffee-r\top.html --> yongso.ksu.ac.kr /home1/stdnt11/cs201059/public_html top.html
2001.05.13 03:03 B C:\My Documents\Coffee-r\bottom.html --> yongso.ksu.ac.kr /home1/stdnt11/cs201059/public_html bottom.html
2001.05.13 03:04 B C:\My Documents\Coffee-r\bottom.html --> yongso.ksu.ac.kr /home1/stdnt11/cs201059/public_html bottom.html
2001.05.13 03:04 B C:\My Documents\Coffee-r\main.html --> yongso.ksu.ac.kr /home1/stdnt11/cs201059/public_html main.html
2001.05.13 03:05 B C:\My Documents\Coffee-r\bottom.html --> yongso.ksu.ac.kr /home1/stdnt11/cs201059/public_html bottom.html
2001.05.13 03:16 B C:\My Documents\Coffee-r\left.jpg --> yongso.ksu.ac.kr /home1/stdnt11/cs201059/public_html/img left.jpg
2001.05.13 03:16 B C:\My Documents\Coffee-r\top1.jpg --> yongso.ksu.ac.kr /home1/stdnt11/cs201059/public_html/img top1.jpg
2001.05.13 03:16 B C:\My Documents\Coffee-r\top11.jpg --> yongso.ksu.ac.kr /home1/stdnt11/cs201059/public_html/img top11.jpg
2001.05.13 03:18 B C:\My Documents\Coffee-r\top11.jpg --> yongso.ksu.ac.kr /home1/stdnt11/cs201059/public_html/img top11.jpg
2001.05.13 03:18 B C:\My Documents\Coffee-r\top1.jpg --> yongso.ksu.ac.kr /home1/stdnt11/cs201059/public_html/img top1.jpg
2001.05.13 03:18 B C:\My Documents\Coffee-r\left.jpg --> yongso.ksu.ac.kr /home1/stdnt11/cs201059/public_html/img left.jpg
2001.05.13 03:19 B C:\My Documents\Coffee-r\top11.jpg --> yongso.ksu.ac.kr /home1/stdnt11/cs201059/public_html/img top11.jpg
2001.05.13 03:19 B C:\My Documents\Coffee-r\top1.jpg --> yongso.ksu.ac.kr /home1/stdnt11/cs201059/public_html/img top1.jpg
2001.05.13 03:19 B C:\My Documents\Coffee-r\left.jpg --> yongso.ksu.ac.kr /home1/stdnt11/cs201059/public_html/img left.jpg
2001.05.13 03:20 B C:\My Documents\Coffee-r\top1.jpg --> yongso.ksu.ac.kr /home1/stdnt11/cs201059/public_html/img top1.jpg
2001.05.13 03:20 B C:\My Documents\Coffee-r\left.jpg --> yongso.ksu.ac.kr /home1/stdnt11/cs201059/public_html/img left.jpg
2001.05.13 03:21 B C:\My Documents\Coffee-r\top11.jpg --> yongso.ksu.ac.kr /home1/stdnt11/cs201059/public_html/img top11.jpg
2001.05.13 03:22 B C:\My Documents\Coffee-r\top1.jpg --> yongso.ksu.ac.kr /home1/stdnt11/cs201059/public_html/img top1.jpg
2001.05.13 03:22 B C:\My Documents\Coffee-r\top1.jpg --> yongso.ksu.ac.kr /home1/stdnt11/cs201059/public_html/img top1.jpg
2001.05.13 03:23 B C:\My Documents\Coffee-r\top1.jpg --> yongso.ksu.ac.kr /home1/stdnt11/cs201059/public_html/img top1.jpg
2001.05.13 03:24 B C:\My Documents\Coffee-r\top1.jpg --> yongso.ksu.ac.kr /home1/stdnt11/cs201059/public_html/img top1.jpg
2001.05.13 03:24 B C:\My Documents\Coffee-r\left.jpg --> yongso.ksu.ac.kr /home1/stdnt11/cs201059/public_html/img left.jpg
2001.05.13 16:53 B C:\My Documents\Coffee-r\top.html --> yongso.ksu.ac.kr /home1/stdnt11/cs201059/public_html top.html
2001.05.13 16:54 B C:\My Documents\Coffee-r\top.html --> yongso.ksu.ac.kr /home1/stdnt11/cs201059/public_html top.html
2001.05.13 16:54 B C:\My Documents\Coffee-r\top.html --> yongso.ksu.ac.kr /home1/stdnt11/cs201059/public_html top.html
2001.05.13 16:55 B C:\My Documents\Coffee-r\top.html --> yongso.ksu.ac.kr /home1/stdnt11/cs201059/public_html top.html
2001.05.13 17:15 B C:\My Documents\Coffee-r\left.html --> yongso.ksu.ac.kr /home1/stdnt11/cs201059/public_html left.html
2001.05.13 17:37 B C:\My Documents\Coffee-r\left.html --> yongso.ksu.ac.kr /home1/stdnt11/cs201059/public_html left.html
2001.05.13 17:44 B C:\My Documents\Coffee-r\left.html --> yongso.ksu.ac.kr /home1/stdnt11/cs201059/public_html left.html
2001.05.13 17:48 B C:\My Documents\Coffee-r\left.html --> yongso.ksu.ac.kr /home1/stdnt11/cs201059/public_html left.html
2001.05.13 19:11 B C:\My Documents\Coffee-r\left.html --> yongso.ksu.ac.kr /home1/stdnt11/cs201059/public_html left.html
2001.05.13 19:14 B C:\My Documents\Coffee-r\main.html --> yongso.ksu.ac.kr /home1/stdnt11/cs201059/public_html main.html
2001.05.13 19:16 B C:\My Documents\Coffee-r\main.html --> yongso.ksu.ac.kr /home1/stdnt11/cs201059/public_html main.html
2001.05.13 19:18 B C:\My Documents\Coffee-r\main.html --> yongso.ksu.ac.kr /home1/stdnt11/cs201059/public_html main.html
2001.05.13 19:26 B C:\My Documents\Coffee-r\top.html --> yongso.ksu.ac.kr /home1/stdnt11/cs201059/public_html top.html
2001.05.13 19:29 B C:\My Documents\Coffee-r\top.html --> yongso.ksu.ac.kr /home1/stdnt11/cs201059/public_html top.html
2001.05.13 19:30 B C:\My Documents\Coffee-r\top.html --> yongso.ksu.ac.kr /home1/stdnt11/cs201059/public_html top.html
2001.05.13 19:32 B C:\My Documents\Coffee-r\top.html --> yongso.ksu.ac.kr /home1/stdnt11/cs201059/public_html top.html
2001.05.13 19:32 B C:\My Documents\Coffee-r\top.html --> yongso.ksu.ac.kr /home1/stdnt11/cs201059/public_html top.html
2001.05.13 19:33 B C:\My Documents\Coffee-r\top.html --> yongso.ksu.ac.kr /home1/stdnt11/cs201059/public_html top.html
2001.05.13 19:34 B C:\My Documents\Coffee-r\top.html --> yongso.ksu.ac.kr /home1/stdnt11/cs201059/public_html top.html
2001.05.17 00:18 B C:\My Documents\Coffee-r\left.html --> yongso.ksu.ac.kr /home1/stdnt11/cs201059/public_html left.html
2001.05.17 00:41 B C:\My Documents\Coffee-r\top.html --> yongso.ksu.ac.kr /home1/stdnt11/cs201059/public_html top.html
2001.05.17 00:56 B C:\My Documents\Coffee-r\right.html --> yongso.ksu.ac.kr /home1/stdnt11/cs201059/public_html right.html
2001.05.17 00:56 B C:\My Documents\Coffee-r\top.html --> yongso.ksu.ac.kr /home1/stdnt11/cs201059/public_html top.html
2001.05.17 01:06 B C:\My Documents\Coffee-r\top.html --> yongso.ksu.ac.kr /home1/stdnt11/cs201059/public_html top.html
2001.05.17 01:06 B C:\My Documents\Coffee-r\left.html --> yongso.ksu.ac.kr /home1/stdnt11/cs201059/public_html left.html
2001.05.17 01:06 B C:\My Documents\Coffee-r\right.html --> yongso.ksu.ac.kr /home1/stdnt11/cs201059/public_html right.html
2001.05.17 01:07 B C:\My Documents\Coffee-r\top.html --> yongso.ksu.ac.kr /home1/stdnt11/cs201059/public_html top.html
2001.05.17 01:07 B C:\My Documents\Coffee-r\bottom.html --> yongso.ksu.ac.kr /home1/stdnt11/cs201059/public_html bottom.html
2001.05.17 01:11 B C:\My Documents\Coffee-r\right.html --> yongso.ksu.ac.kr /home1/stdnt11/cs201059/public_html right.html
2001.05.17 01:12 B C:\My Documents\Coffee-r\main.html --> yongso.ksu.ac.kr /home1/stdnt11/cs201059/public_html main.html
2001.05.17 01:12 B C:\My Documents\Coffee-r\right.html --> yongso.ksu.ac.kr /home1/stdnt11/cs201059/public_html right.html
2001.05.17 01:53 B C:\My Documents\Coffee-r\top.html --> yongso.ksu.ac.kr /home1/stdnt11/cs201059/public_html top.html
2001.05.17 02:09 B C:\My Documents\Coffee-r\top.html --> yongso.ksu.ac.kr /home1/stdnt11/cs201059/public_html top.html
2001.05.17 02:10 B C:\My Documents\Coffee-r\right.html --> yongso.ksu.ac.kr /home1/stdnt11/cs201059/public_html right.html
2001.05.17 02:14 B C:\My Documents\Coffee-r\right.html --> yongso.ksu.ac.kr /home1/stdnt11/cs201059/public_html right.html
2001.05.17 02:16 B C:\My Documents\Coffee-r\right.html --> yongso.ksu.ac.kr /home1/stdnt11/cs201059/public_html right.html
2001.05.17 02:17 B C:\My Documents\Coffee-r\right.html --> yongso.ksu.ac.kr /home1/stdnt11/cs201059/public_html right.html
2001.05.17 02:19 B C:\My Documents\Coffee-r\right.html --> yongso.ksu.ac.kr /home1/stdnt11/cs201059/public_html right.html
2001.05.17 02:20 B C:\My Documents\Coffee-r\right.html --> yongso.ksu.ac.kr /home1/stdnt11/cs201059/public_html right.html
2001.05.17 02:21 B C:\My Documents\Coffee-r\right.html --> yongso.ksu.ac.kr /home1/stdnt11/cs201059/public_html right.html
2001.05.17 02:22 B C:\My Documents\Coffee-r\right.html --> yongso.ksu.ac.kr /home1/stdnt11/cs201059/public_html right.html
2001.05.17 02:23 B C:\My Documents\Coffee-r\right.html --> yongso.ksu.ac.kr /home1/stdnt11/cs201059/public_html right.html
2001.05.17 02:25 B C:\My Documents\Coffee-r\right.html --> yongso.ksu.ac.kr /home1/stdnt11/cs201059/public_html right.html
2001.05.17 02:30 B C:\My Documents\Coffee-r\right.html --> yongso.ksu.ac.kr /home1/stdnt11/cs201059/public_html right.html
2001.05.22 22:07 B C:\My Documents\Coffee-r\left.html --> yongso.ksu.ac.kr /home1/stdnt11/cs201059/public_html left.html
2001.05.22 22:08 B C:\My Documents\Coffee-r\left.html --> yongso.ksu.ac.kr /home1/stdnt11/cs201059/public_html left.html
2001.05.22 22:08 B C:\My Documents\Coffee-r\left.html --> yongso.ksu.ac.kr /home1/stdnt11/cs201059/public_html left.html
2001.05.31 13:40 B C:\My Documents\Coffee-r\left.html --> yongso.ksu.ac.kr /home1/stdnt11/cs201059/public_html left.html
2001.05.31 14:22 B C:\My Documents\Coffee-r\left.html --> yongso.ksu.ac.kr /home1/stdnt11/cs201059/public_html left.html
2001.05.31 15:14 B C:\My Documents\Coffee-r\right.html --> yongso.ksu.ac.kr /home1/stdnt11/cs201059/public_html right.html
2001.05.31 15:26 B C:\My Documents\Coffee-r\right.html --> yongso.ksu.ac.kr /home1/stdnt11/cs201059/public_html right.html
2001.05.31 15:45 B C:\My Documents\Coffee-r\right.html --> yongso.ksu.ac.kr /home1/stdnt11/cs201059/public_html right.html
2001.05.31 15:46 B C:\My Documents\Coffee-r\right.html --> yongso.ksu.ac.kr /home1/stdnt11/cs201059/public_html right.html
2001.05.31 16:13 B C:\My Documents\Coffee-r\right.html --> yongso.ksu.ac.kr /home1/stdnt11/cs201059/public_html right.html
2001.05.31 16:14 B C:\My Documents\Coffee-r\right.html --> yongso.ksu.ac.kr /home1/stdnt11/cs201059/public_html right.html
2001.05.31 16:22 B C:\My Documents\Coffee-r\right.html --> yongso.ksu.ac.kr /home1/stdnt11/cs201059/public_html right.html
2001.05.31 16:25 B C:\My Documents\Coffee-r\right.html --> yongso.ksu.ac.kr /home1/stdnt11/cs201059/public_html right.html
2001.05.31 16:27 B C:\My Documents\Coffee-r\right.html --> yongso.ksu.ac.kr /home1/stdnt11/cs201059/public_html right.html
2001.05.31 16:28 B C:\My Documents\Coffee-r\right.html --> yongso.ksu.ac.kr /home1/stdnt11/cs201059/public_html right.html
2001.05.31 16:30 B C:\My Documents\Coffee-r\right.html --> yongso.ksu.ac.kr /home1/stdnt11/cs201059/public_html right.html
2001.05.31 16:32 B C:\My Documents\Coffee-r\right.html --> yongso.ksu.ac.kr /home1/stdnt11/cs201059/public_html right.html
2001.05.31 16:35 B C:\My Documents\Coffee-r\right.html --> yongso.ksu.ac.kr /home1/stdnt11/cs201059/public_html right.html
2001.05.31 16:36 B C:\My Documents\Coffee-r\right.html --> yongso.ksu.ac.kr /home1/stdnt11/cs201059/public_html right.html
2001.05.31 16:37 B C:\My Documents\Coffee-r\right.html --> yongso.ksu.ac.kr /home1/stdnt11/cs201059/public_html right.html
2001.05.31 16:38 B C:\My Documents\Coffee-r\right.html --> yongso.ksu.ac.kr /home1/stdnt11/cs201059/public_html right.html
2001.05.31 16:39 B C:\My Documents\Coffee-r\right.html --> yongso.ksu.ac.kr /home1/stdnt11/cs201059/public_html right.html
2001.05.31 16:40 B C:\My Documents\Coffee-r\right.html --> yongso.ksu.ac.kr /home1/stdnt11/cs201059/public_html right.html
2001.05.31 16:41 B C:\My Documents\Coffee-r\right.html --> yongso.ksu.ac.kr /home1/stdnt11/cs201059/public_html right.html
2001.05.31 16:41 B C:\My Documents\Coffee-r\right.html --> yongso.ksu.ac.kr /home1/stdnt11/cs201059/public_html right.html
2001.05.31 16:42 B C:\My Documents\Coffee-r\right.html --> yongso.ksu.ac.kr /home1/stdnt11/cs201059/public_html right.html
2001.05.31 16:43 B C:\My Documents\Coffee-r\right.html --> yongso.ksu.ac.kr /home1/stdnt11/cs201059/public_html right.html
2001.05.31 16:44 B C:\My Documents\Coffee-r\right.html --> yongso.ksu.ac.kr /home1/stdnt11/cs201059/public_html right.html
2001.05.31 16:44 B C:\My Documents\Coffee-r\right.html --> yongso.ksu.ac.kr /home1/stdnt11/cs201059/public_html right.html
2001.05.31 16:46 B C:\My Documents\Coffee-r\right.html --> yongso.ksu.ac.kr /home1/stdnt11/cs201059/public_html right.html
2001.06.01 09:53 B C:\My Documents\Coffee-r\right.html --> yongso.ksu.ac.kr /home1/stdnt11/cs201059/public_html right.html
2001.06.01 21:16 B C:\My Documents\Coffee-r\right.html --> yongso.ksu.ac.kr /home1/stdnt11/cs201059/public_html right.html
2001.06.02 02:13 B C:\My Documents\Coffee-r\right.html --> yongso.ksu.ac.kr /home1/stdnt11/cs201059/public_html right.html
2001.06.02 02:19 B C:\My Documents\Coffee-r\right.html --> yongso.ksu.ac.kr /home1/stdnt11/cs201059/public_html right.html
2001.06.02 02:20 B C:\My Documents\Coffee-r\right.html --> yongso.ksu.ac.kr /home1/stdnt11/cs201059/public_html right.html
2001.06.02 02:23 B C:\My Documents\Coffee-r\right.html --> yongso.ksu.ac.kr /home1/stdnt11/cs201059/public_html right.html
2001.06.02 02:25 B C:\My Documents\Coffee-r\right.html --> yongso.ksu.ac.kr /home1/stdnt11/cs201059/public_html right.html
2001.06.02 02:28 B C:\My Documents\Coffee-r\right.html --> yongso.ksu.ac.kr /home1/stdnt11/cs201059/public_html right.html
2001.06.02 02:40 B C:\My Documents\Coffee-r\right.html --> yongso.ksu.ac.kr /home1/stdnt11/cs201059/public_html right.html
2001.06.02 02:43 B C:\My Documents\Coffee-r\right.html --> yongso.ksu.ac.kr /home1/stdnt11/cs201059/public_html right.html
2001.06.02 02:46 B C:\My Documents\Coffee-r\right.html --> yongso.ksu.ac.kr /home1/stdnt11/cs201059/public_html right.html
2001.06.02 02:49 B C:\My Documents\Coffee-r\right.html --> yongso.ksu.ac.kr /home1/stdnt11/cs201059/public_html right.html
2001.06.02 02:49 B C:\My Documents\Coffee-r\right.html --> yongso.ksu.ac.kr /home1/stdnt11/cs201059/public_html right.html
2001.06.02 02:51 B C:\My Documents\Coffee-r\right.html --> yongso.ksu.ac.kr /home1/stdnt11/cs201059/public_html right.html
2001.06.02 02:51 B C:\My Documents\Coffee-r\right.html --> yongso.ksu.ac.kr /home1/stdnt11/cs201059/public_html right.html
2001.06.02 02:52 B C:\My Documents\Coffee-r\right.html --> yongso.ksu.ac.kr /home1/stdnt11/cs201059/public_html right.html
2001.06.02 02:53 B C:\My Documents\Coffee-r\right.html --> yongso.ksu.ac.kr /home1/stdnt11/cs201059/public_html right.html
2001.06.02 02:54 B C:\My Documents\Coffee-r\right.html --> yongso.ksu.ac.kr /home1/stdnt11/cs201059/public_html right.html
2001.06.02 02:55 B C:\My Documents\Coffee-r\right.html --> yongso.ksu.ac.kr /home1/stdnt11/cs201059/public_html right.html
2001.06.02 02:58 B C:\My Documents\Coffee-r\right.html --> yongso.ksu.ac.kr /home1/stdnt11/cs201059/public_html right.html
2001.06.02 02:58 B C:\My Documents\Coffee-r\right.html --> yongso.ksu.ac.kr /home1/stdnt11/cs201059/public_html right.html
2001.06.02 02:59 B C:\My Documents\Coffee-r\right.html --> yongso.ksu.ac.kr /home1/stdnt11/cs201059/public_html right.html
2001.06.02 03:00 B C:\My Documents\Coffee-r\right.html --> yongso.ksu.ac.kr /home1/stdnt11/cs201059/public_html right.html
2001.06.02 03:01 B C:\My Documents\Coffee-r\right.html --> yongso.ksu.ac.kr /home1/stdnt11/cs201059/public_html right.html
2001.06.02 03:05 B C:\My Documents\Coffee-r\right.html --> yongso.ksu.ac.kr /home1/stdnt11/cs201059/public_html right.html
2001.06.02 03:16 B C:\My Documents\Coffee-r\right.html --> yongso.ksu.ac.kr /home1/stdnt11/cs201059/public_html right.html
2001.06.02 03:21 B C:\My Documents\Coffee-r\right.html --> yongso.ksu.ac.kr /home1/stdnt11/cs201059/public_html right.html
2001.06.02 03:27 B C:\My Documents\Coffee-r\right.html --> yongso.ksu.ac.kr /home1/stdnt11/cs201059/public_html right.html
2001.06.02 03:29 B C:\My Documents\Coffee-r\top.html --> yongso.ksu.ac.kr /home1/stdnt11/cs201059/public_html top.html
2001.06.02 03:31 B C:\My Documents\Coffee-r\right.html --> yongso.ksu.ac.kr /home1/stdnt11/cs201059/public_html right.html
2001.06.02 03:31 B C:\My Documents\Coffee-r\right.html --> yongso.ksu.ac.kr /home1/stdnt11/cs201059/public_html right.html
2001.06.02 03:32 B C:\My Documents\Coffee-r\right.html --> yongso.ksu.ac.kr /home1/stdnt11/cs201059/public_html right.html
2001.06.02 03:32 B C:\My Documents\Coffee-r\right.html --> yongso.ksu.ac.kr /home1/stdnt11/cs201059/public_html right.html
2001.06.02 03:53 B C:\My Documents\Coffee-r\right.html --> yongso.ksu.ac.kr /home1/stdnt11/cs201059/public_html right.html
2001.06.02 03:54 B C:\My Documents\Coffee-r\right.html --> yongso.ksu.ac.kr /home1/stdnt11/cs201059/public_html right.html
2001.06.02 03:55 B C:\My Documents\Coffee-r\right.html --> yongso.ksu.ac.kr /home1/stdnt11/cs201059/public_html right.html
2001.06.02 14:28 B C:\My Documents\Coffee-r\right.html --> yongso.ksu.ac.kr /home1/stdnt11/cs201059/public_html right.html
2001.06.02 14:38 B C:\My Documents\Coffee-r\right.html --> yongso.ksu.ac.kr /home1/stdnt11/cs201059/public_html right.html
2001.06.02 14:38 B C:\My Documents\Coffee-r\right.html --> yongso.ksu.ac.kr /home1/stdnt11/cs201059/public_html right.html
2001.06.02 15:00 B C:\My Documents\Coffee-r\banner.html --> yongso.ksu.ac.kr /home1/stdnt11/cs201059/public_html banner.html
2001.06.02 15:00 B C:\My Documents\Coffee-r\right.html --> yongso.ksu.ac.kr /home1/stdnt11/cs201059/public_html right.html
2001.06.02 15:01 B C:\My Documents\Coffee-r\banner.html --> yongso.ksu.ac.kr /home1/stdnt11/cs201059/public_html banner.html
2001.06.02 15:02 B C:\My Documents\Coffee-r\banner.html --> yongso.ksu.ac.kr /home1/stdnt11/cs201059/public_html banner.html
2001.06.02 15:04 B C:\My Documents\Coffee-r\banner.html --> yongso.ksu.ac.kr /home1/stdnt11/cs201059/public_html banner.html
2001.06.02 16:48 B C:\My Documents\Coffee-r\banner.jpg --> yongso.ksu.ac.kr /home1/stdnt11/cs201059/public_html/img banner.jpg
2001.06.02 16:49 B C:\My Documents\Coffee-r\banner.html --> yongso.ksu.ac.kr /home1/stdnt11/cs201059/public_html banner.html
2001.06.02 16:49 B C:\My Documents\Coffee-r\right.html --> yongso.ksu.ac.kr /home1/stdnt11/cs201059/public_html right.html
2001.06.02 17:11 B C:\My Documents\Coffee-r\banner.html --> yongso.ksu.ac.kr /home1/stdnt11/cs201059/public_html banner.html
2001.06.02 17:11 B C:\My Documents\Coffee-r\right.html --> yongso.ksu.ac.kr /home1/stdnt11/cs201059/public_html right.html
2001.06.02 20:52 B C:\My Documents\Coffee-r\banner.html --> yongso.ksu.ac.kr /home1/stdnt11/cs201059/public_html banner.html
2001.06.02 20:52 B C:\My Documents\Coffee-r\banner.html --> yongso.ksu.ac.kr /home1/stdnt11/cs201059/public_html banner.html
2001.06.02 20:54 B C:\My Documents\Coffee-r\banner.html --> yongso.ksu.ac.kr /home1/stdnt11/cs201059/public_html banner.html
2001.06.02 20:55 B C:\My Documents\Coffee-r\banner.html --> yongso.ksu.ac.kr /home1/stdnt11/cs201059/public_html banner.html
2001.06.03 01:43 B C:\My Documents\Coffee-r\knowcof.html --> yongso.ksu.ac.kr /home1/stdnt11/cs201059/public_html knowcof.html
2001.06.03 01:43 B C:\My Documents\Coffee-r\knowmain.html --> yongso.ksu.ac.kr /home1/stdnt11/cs201059/public_html knowmain.html
2001.06.03 01:43 B C:\My Documents\Coffee-r\knowtop.html --> yongso.ksu.ac.kr /home1/stdnt11/cs201059/public_html knowtop.html
2001.06.03 01:52 B C:\My Documents\Coffee-r\top.html --> yongso.ksu.ac.kr /home1/stdnt11/cs201059/public_html top.html
2001.06.03 01:53 B C:\My Documents\Coffee-r\top.html --> yongso.ksu.ac.kr /home1/stdnt11/cs201059/public_html top.html
2001.06.03 01:55 B C:\My Documents\Coffee-r\top.html --> yongso.ksu.ac.kr /home1/stdnt11/cs201059/public_html top.html
2001.06.03 01:55 B C:\My Documents\Coffee-r\top.html --> yongso.ksu.ac.kr /home1/stdnt11/cs201059/public_html top.html
2001.06.03 01:57 B C:\My Documents\Coffee-r\top.html --> yongso.ksu.ac.kr /home1/stdnt11/cs201059/public_html top.html
2001.06.03 01:58 B C:\My Documents\Coffee-r\top.html --> yongso.ksu.ac.kr /home1/stdnt11/cs201059/public_html top.html
2001.06.04 01:33 B C:\My Documents\Coffee-r\top.html --> yongso.ksu.ac.kr /home1/stdnt11/cs201059/public_html top.html
2001.06.04 01:33 B C:\My Documents\Coffee-r\main.html --> yongso.ksu.ac.kr /home1/stdnt11/cs201059/public_html main.html
2001.06.04 01:35 B C:\My Documents\Coffee-r\index.html --> yongso.ksu.ac.kr /home1/stdnt11/cs201059/public_html index.html
2001.06.04 01:36 B C:\My Documents\Coffee-r\bottom1.html --> yongso.ksu.ac.kr /home1/stdnt11/cs201059/public_html bottom1.html
2001.06.04 01:36 B C:\My Documents\Coffee-r\bottom.html --> yongso.ksu.ac.kr /home1/stdnt11/cs201059/public_html bottom.html
2001.06.04 01:37 B C:\My Documents\Coffee-r\index.html --> yongso.ksu.ac.kr /home1/stdnt11/cs201059/public_html index.html
2001.06.04 01:37 B C:\My Documents\Coffee-r\index.html --> yongso.ksu.ac.kr /home1/stdnt11/cs201059/public_html index.html
2001.06.06 03:52 B C:\My Documents\Coffee-r\hiscof.html --> yongso.ksu.ac.kr /home1/stdnt11/cs201059/public_html hiscof.html
2001.06.06 03:52 B C:\My Documents\Coffee-r\right.html --> yongso.ksu.ac.kr /home1/stdnt11/cs201059/public_html right.html
2001.06.06 03:53 B C:\My Documents\Coffee-r\knowmain.html --> yongso.ksu.ac.kr /home1/stdnt11/cs201059/public_html knowmain.html
2001.06.06 03:53 B C:\My Documents\Coffee-r\knowcof.html --> yongso.ksu.ac.kr /home1/stdnt11/cs201059/public_html knowcof.html
2001.06.06 03:53 B C:\My Documents\Coffee-r\knowtop.html --> yongso.ksu.ac.kr /home1/stdnt11/cs201059/public_html knowtop.html
2001.06.06 20:05 B C:\My Documents\Coffee-r\hiscof.html --> yongso.ksu.ac.kr /home1/stdnt11/cs201059/public_html hiscof.html
2001.06.06 20:07 B C:\My Documents\Coffee-r\hiscof.html --> yongso.ksu.ac.kr /home1/stdnt11/cs201059/public_html hiscof.html
2001.06.06 20:08 B C:\My Documents\Coffee-r\hiscof.html --> yongso.ksu.ac.kr /home1/stdnt11/cs201059/public_html hiscof.html
2001.06.06 20:08 B C:\My Documents\Coffee-r\hiscof.html --> yongso.ksu.ac.kr /home1/stdnt11/cs201059/public_html hiscof.html
2001.06.06 20:10 B C:\My Documents\Coffee-r\hiscof.html --> yongso.ksu.ac.kr /home1/stdnt11/cs201059/public_html hiscof.html
2001.06.06 20:10 B C:\My Documents\Coffee-r\hiscof.html --> yongso.ksu.ac.kr /home1/stdnt11/cs201059/public_html hiscof.html
2001.06.06 20:21 B C:\My Documents\Coffee-r\hiscof.html --> yongso.ksu.ac.kr /home1/stdnt11/cs201059/public_html hiscof.html
2001.06.06 20:23 B C:\My Documents\Coffee-r\hiscof.html --> yongso.ksu.ac.kr /home1/stdnt11/cs201059/public_html hiscof.html
2001.06.06 20:23 B C:\My Documents\Coffee-r\hiscof.html --> yongso.ksu.ac.kr /home1/stdnt11/cs201059/public_html hiscof.html
2001.06.06 22:18 B C:\My Documents\Coffee-r\crecof.html --> yongso.ksu.ac.kr /home1/stdnt11/cs201059/public_html crecof.html
2001.06.06 22:21 B C:\My Documents\Coffee-r\crecof.html --> yongso.ksu.ac.kr /home1/stdnt11/cs201059/public_html crecof.html
2001.06.06 22:22 B C:\My Documents\Coffee-r\crecof.html --> yongso.ksu.ac.kr /home1/stdnt11/cs201059/public_html crecof.html
2001.06.06 22:43 B C:\My Documents\Coffee-r\crecof.html --> yongso.ksu.ac.kr /home1/stdnt11/cs201059/public_html crecof.html
2001.06.06 22:45 B C:\My Documents\Coffee-r\crecof.html --> yongso.ksu.ac.kr /home1/stdnt11/cs201059/public_html crecof.html
2001.06.06 22:47 B C:\My Documents\Coffee-r\crecof.html --> yongso.ksu.ac.kr /home1/stdnt11/cs201059/public_html crecof.html
2001.06.06 22:52 B C:\My Documents\Coffee-r\crecof.html --> yongso.ksu.ac.kr /home1/stdnt11/cs201059/public_html crecof.html
2001.06.06 23:15 B C:\My Documents\Coffee-r\delcof.html --> yongso.ksu.ac.kr /home1/stdnt11/cs201059/public_html delcof.html
2001.06.06 23:16 B C:\My Documents\Coffee-r\delcof.html --> yongso.ksu.ac.kr /home1/stdnt11/cs201059 delcof.html
2001.06.06 23:17 B C:\My Documents\Coffee-r\delcof.html --> yongso.ksu.ac.kr /home1/stdnt11/cs201059 delcof.html
2001.06.06 23:17 B C:\My Documents\Coffee-r\delcof.html --> yongso.ksu.ac.kr /home1/stdnt11/cs201059/public_html delcof.html
2001.06.06 23:18 B C:\My Documents\Coffee-r\delcof.html --> yongso.ksu.ac.kr /home1/stdnt11/cs201059/public_html delcof.html
2001.06.06 23:24 B C:\My Documents\Coffee-r\delcof.html --> yongso.ksu.ac.kr /home1/stdnt11/cs201059/public_html delcof.html
2001.06.06 23:44 B C:\My Documents\Coffee-r\delcof.html --> yongso.ksu.ac.kr /home1/stdnt11/cs201059/public_html delcof.html
2001.06.06 23:46 B C:\My Documents\Coffee-r\delcof.html --> yongso.ksu.ac.kr /home1/stdnt11/cs201059/public_html delcof.html
2001.06.06 23:47 B C:\My Documents\Coffee-r\delcof.html --> yongso.ksu.ac.kr /home1/stdnt11/cs201059/public_html delcof.html
2001.06.06 23:49 B C:\My Documents\Coffee-r\delcof.html --> yongso.ksu.ac.kr /home1/stdnt11/cs201059/public_html delcof.html
2001.06.07 00:21 B C:\My Documents\Coffee-r\woncof.html --> yongso.ksu.ac.kr /home1/stdnt11/cs201059/public_html woncof.html
2001.06.07 00:24 B C:\My Documents\Coffee-r\woncof.html --> yongso.ksu.ac.kr /home1/stdnt11/cs201059/public_html woncof.html
2001.06.07 00:24 B C:\My Documents\Coffee-r\woncof.html --> yongso.ksu.ac.kr /home1/stdnt11/cs201059/public_html woncof.html
2001.06.07 00:25 B C:\My Documents\Coffee-r\woncof.html --> yongso.ksu.ac.kr /home1/stdnt11/cs201059/public_html woncof.html
2001.06.07 00:26 B C:\My Documents\Coffee-r\woncof.html --> yongso.ksu.ac.kr /home1/stdnt11/cs201059/public_html woncof.html
2001.06.07 00:28 B C:\My Documents\Coffee-r\woncof.html --> yongso.ksu.ac.kr /home1/stdnt11/cs201059/public_html woncof.html
2001.06.07 00:29 B C:\My Documents\Coffee-r\woncof.html --> yongso.ksu.ac.kr /home1/stdnt11/cs201059/public_html woncof.html
2001.06.07 00:29 B C:\My Documents\Coffee-r\woncof.html --> yongso.ksu.ac.kr /home1/stdnt11/cs201059/public_html woncof.html
2001.06.07 00:35 B C:\My Documents\Coffee-r\woncof.html --> yongso.ksu.ac.kr /home1/stdnt11/cs201059/public_html woncof.html
2001.06.07 00:35 B C:\My Documents\Coffee-r\crecof.html --> yongso.ksu.ac.kr /home1/stdnt11/cs201059/public_html crecof.html
2001.06.07 00:37 B C:\My Documents\Coffee-r\crecof.html --> yongso.ksu.ac.kr /home1/stdnt11/cs201059/public_html crecof.html
2001.06.07 00:37 B C:\My Documents\Coffee-r\woncof.html --> yongso.ksu.ac.kr /home1/stdnt11/cs201059/public_html woncof.html
2001.06.07 00:38 B C:\My Documents\Coffee-r\woncof.html --> yongso.ksu.ac.kr /home1/stdnt11/cs201059/public_html woncof.html
2001.06.07 00:49 B C:\My Documents\Coffee-r\delcof.html --> yongso.ksu.ac.kr /home1/stdnt11/cs201059/public_html delcof.html
2001.06.07 00:51 B C:\My Documents\Coffee-r\delcof.html --> yongso.ksu.ac.kr /home1/stdnt11/cs201059/public_html delcof.html
2001.06.07 00:51 B C:\My Documents\Coffee-r\delcof.html --> yongso.ksu.ac.kr /home1/stdnt11/cs201059/public_html delcof.html
2001.06.07 00:53 B C:\My Documents\Coffee-r\delcof.html --> yongso.ksu.ac.kr /home1/stdnt11/cs201059/public_html delcof.html
2001.06.07 00:54 B C:\My Documents\Coffee-r\delcof.html --> yongso.ksu.ac.kr /home1/stdnt11/cs201059/public_html delcof.html
2001.06.07 00:55 B C:\My Documents\Coffee-r\delcof.html --> yongso.ksu.ac.kr /home1/stdnt11/cs201059/public_html delcof.html
2001.06.07 00:56 B C:\My Documents\Coffee-r\delcof.html --> yongso.ksu.ac.kr /home1/stdnt11/cs201059/public_html delcof.html
2001.06.07 00:56 B C:\My Documents\Coffee-r\delcof.html --> yongso.ksu.ac.kr /home1/stdnt11/cs201059/public_html delcof.html
2001.06.07 01:23 B C:\My Documents\Coffee-r\detcof.html --> yongso.ksu.ac.kr /home1/stdnt11/cs201059/public_html detcof.html
2001.06.07 02:42 B C:\My Documents\Coffee-r\detcof.html <-- Ipswitch /home1/stdnt11/cs201059/public_html detcof.html
2001.06.07 02:42 B C:\My Documents\Coffee-r\knowmain.html --> yongso.ksu.ac.kr /home1/stdnt11/cs201059/public_html knowmain.html
2001.06.09 13:48 B C:\My Documents\Coffee-r\right.html --> yongso.ksu.ac.kr /home1/stdnt11/cs201059/public_html right.html
2001.06.09 14:53 B C:\My Documents\Coffee-r\bobbcof.html --> yongso.ksu.ac.kr /home1/stdnt11/cs201059/public_html bobbcof.html
2001.06.09 14:55 B C:\My Documents\Coffee-r\bobbcof.html --> yongso.ksu.ac.kr /home1/stdnt11/cs201059/public_html bobbcof.html
2001.06.09 14:57 B C:\My Documents\Coffee-r\bobbcof.html --> yongso.ksu.ac.kr /home1/stdnt11/cs201059/public_html bobbcof.html
2001.06.09 15:02 B C:\My Documents\Coffee-r\bobbcof.html --> yongso.ksu.ac.kr /home1/stdnt11/cs201059/public_html bobbcof.html
2001.06.09 15:03 B C:\My Documents\Coffee-r\bobbcof.html --> yongso.ksu.ac.kr /home1/stdnt11/cs201059/public_html bobbcof.html
2001.06.09 16:08 B C:\My Documents\Coffee-r\bobbcof.html --> yongso.ksu.ac.kr /home1/stdnt11/cs201059 bobbcof.html
2001.06.09 16:09 B C:\My Documents\Coffee-r\bobbcof.html --> yongso.ksu.ac.kr /home1/stdnt11/cs201059/public_html bobbcof.html
2001.06.09 16:15 B C:\My Documents\Coffee-r\bobbcof.html --> yongso.ksu.ac.kr /home1/stdnt11/cs201059/public_html bobbcof.html
2001.06.09 16:16 B C:\My Documents\Coffee-r\bobbcof.html --> yongso.ksu.ac.kr /home1/stdnt11/cs201059/public_html bobbcof.html
2001.06.09 16:17 B C:\My Documents\Coffee-r\bobbcof.html --> yongso.ksu.ac.kr /home1/stdnt11/cs201059/public_html bobbcof.html
2001.06.09 16:17 B C:\My Documents\Coffee-r\bobbcof.html --> yongso.ksu.ac.kr /home1/stdnt11/cs201059/public_html bobbcof.html
2001.06.09 16:18 B C:\My Documents\Coffee-r\bobbcof.html --> yongso.ksu.ac.kr /home1/stdnt11/cs201059/public_html bobbcof.html
2001.06.09 16:19 B C:\My Documents\Coffee-r\delcof.html --> yongso.ksu.ac.kr /home1/stdnt11/cs201059/public_html delcof.html
2001.06.09 16:20 B C:\My Documents\Coffee-r\delcof.html --> yongso.ksu.ac.kr /home1/stdnt11/cs201059/public_html delcof.html
2001.06.09 16:24 B C:\My Documents\Coffee-r\bobbcof.html --> yongso.ksu.ac.kr /home1/stdnt11/cs201059/public_html bobbcof.html
2001.06.09 16:26 B C:\My Documents\Coffee-r\bobbcof.html --> yongso.ksu.ac.kr /home1/stdnt11/cs201059/public_html bobbcof.html
2001.06.09 16:26 B C:\My Documents\Coffee-r\bobbcof.html --> yongso.ksu.ac.kr /home1/stdnt11/cs201059/public_html bobbcof.html
2001.06.09 16:27 B C:\My Documents\Coffee-r\bobbcof.html --> yongso.ksu.ac.kr /home1/stdnt11/cs201059/public_html bobbcof.html
2001.06.09 16:47 B C:\My Documents\Coffee-r\bobbcof.html --> yongso.ksu.ac.kr /home1/stdnt11/cs201059/public_html bobbcof.html
2001.06.09 16:58 B C:\My Documents\Coffee-r\delcof.html --> yongso.ksu.ac.kr /home1/stdnt11/cs201059/public_html delcof.html
2001.06.09 17:19 B C:\My Documents\Coffee-r\right.html --> yongso.ksu.ac.kr /home1/stdnt11/cs201059/public_html right.html
2001.06.09 17:33 B C:\My Documents\Coffee-r\knowmain.html --> yongso.ksu.ac.kr /home1/stdnt11/cs201059/public_html knowmain.html
2001.06.09 17:35 B C:\My Documents\Coffee-r\knowmain.html --> yongso.ksu.ac.kr /home1/stdnt11/cs201059/public_html knowmain.html
2001.06.09 17:36 B C:\My Documents\Coffee-r\knowmain.html --> yongso.ksu.ac.kr /home1/stdnt11/cs201059/public_html knowmain.html
2001.06.09 17:37 B C:\My Documents\Coffee-r\knowmain.html --> yongso.ksu.ac.kr /home1/stdnt11/cs201059/public_html knowmain.html
2001.06.09 17:39 B C:\My Documents\Coffee-r\knowmain.html --> yongso.ksu.ac.kr /home1/stdnt11/cs201059/public_html knowmain.html
2001.06.09 18:53 B C:\My Documents\Coffee-r\hiscof.html --> yongso.ksu.ac.kr /home1/stdnt11/cs201059/public_html hiscof.html
2001.06.09 18:54 B C:\My Documents\Coffee-r\hiscof.html --> yongso.ksu.ac.kr /home1/stdnt11/cs201059/public_html hiscof.html
2001.06.09 18:56 B C:\My Documents\Coffee-r\hiscof.html --> yongso.ksu.ac.kr /home1/stdnt11/cs201059/public_html hiscof.html
2001.06.09 18:57 B C:\My Documents\Coffee-r\hiscof.html --> yongso.ksu.ac.kr /home1/stdnt11/cs201059/public_html hiscof.html
2001.06.09 18:58 B C:\My Documents\Coffee-r\hiscof.html --> yongso.ksu.ac.kr /home1/stdnt11/cs201059/public_html hiscof.html
2001.06.09 18:58 B C:\My Documents\Coffee-r\hiscof.html --> yongso.ksu.ac.kr /home1/stdnt11/cs201059/public_html hiscof.html
2001.06.09 18:59 B C:\My Documents\Coffee-r\hiscof.html --> yongso.ksu.ac.kr /home1/stdnt11/cs201059/public_html hiscof.html
2001.06.09 19:04 B C:\My Documents\Coffee-r\hiscof.html --> yongso.ksu.ac.kr /home1/stdnt11/cs201059/public_html hiscof.html
2001.06.09 19:05 B C:\My Documents\Coffee-r\hiscof.html --> yongso.ksu.ac.kr /home1/stdnt11/cs201059/public_html hiscof.html
2001.06.09 19:10 B C:\My Documents\Coffee-r\banner.html --> yongso.ksu.ac.kr /home1/stdnt11/cs201059/public_html banner.html
2001.06.09 19:10 B C:\My Documents\Coffee-r\bobbcof.html --> yongso.ksu.ac.kr /home1/stdnt11/cs201059/public_html bobbcof.html
2001.06.09 19:10 B C:\My Documents\Coffee-r\bottom.html --> yongso.ksu.ac.kr /home1/stdnt11/cs201059/public_html bottom.html
2001.06.09 19:10 B C:\My Documents\Coffee-r\bottom1.html --> yongso.ksu.ac.kr /home1/stdnt11/cs201059/public_html bottom1.html
2001.06.09 19:11 B C:\My Documents\Coffee-r\crecof.html --> yongso.ksu.ac.kr /home1/stdnt11/cs201059/public_html crecof.html
2001.06.09 19:11 B C:\My Documents\Coffee-r\delcof.html --> yongso.ksu.ac.kr /home1/stdnt11/cs201059/public_html delcof.html
2001.06.09 19:11 B C:\My Documents\Coffee-r\detcof.html --> yongso.ksu.ac.kr /home1/stdnt11/cs201059/public_html detcof.html
2001.06.09 19:11 B C:\My Documents\Coffee-r\hiscof.html --> yongso.ksu.ac.kr /home1/stdnt11/cs201059/public_html hiscof.html
2001.06.09 19:11 B C:\My Documents\Coffee-r\index.html --> yongso.ksu.ac.kr /home1/stdnt11/cs201059/public_html index.html
2001.06.09 19:11 B C:\My Documents\Coffee-r\index1.html --> yongso.ksu.ac.kr /home1/stdnt11/cs201059/public_html index1.html
2001.06.09 19:11 B C:\My Documents\Coffee-r\knowcof.html --> yongso.ksu.ac.kr /home1/stdnt11/cs201059/public_html knowcof.html
2001.06.09 19:11 B C:\My Documents\Coffee-r\knowmain.html --> yongso.ksu.ac.kr /home1/stdnt11/cs201059/public_html knowmain.html
2001.06.09 19:11 B C:\My Documents\Coffee-r\knowtop.html --> yongso.ksu.ac.kr /home1/stdnt11/cs201059/public_html knowtop.html
2001.06.09 19:11 B C:\My Documents\Coffee-r\left.html --> yongso.ksu.ac.kr /home1/stdnt11/cs201059/public_html left.html
2001.06.09 19:11 B C:\My Documents\Coffee-r\main.html --> yongso.ksu.ac.kr /home1/stdnt11/cs201059/public_html main.html
2001.06.09 19:11 B C:\My Documents\Coffee-r\right.html --> yongso.ksu.ac.kr /home1/stdnt11/cs201059/public_html right.html
2001.06.09 19:11 B C:\My Documents\Coffee-r\top.html --> yongso.ksu.ac.kr /home1/stdnt11/cs201059/public_html top.html
2001.06.09 19:11 B C:\My Documents\Coffee-r\woncof.html --> yongso.ksu.ac.kr /home1/stdnt11/cs201059/public_html woncof.html
2001.06.09 19:19 B C:\My Documents\Coffee-r\banner.html --> yongso.ksu.ac.kr /home1/stdnt11/cs201059/public_html banner.html
2001.06.09 19:19 B C:\My Documents\Coffee-r\bobbcof.html --> yongso.ksu.ac.kr /home1/stdnt11/cs201059/public_html bobbcof.html
2001.06.09 19:19 B C:\My Documents\Coffee-r\bottom.html --> yongso.ksu.ac.kr /home1/stdnt11/cs201059/public_html bottom.html
2001.06.09 19:19 B C:\My Documents\Coffee-r\bottom1.html --> yongso.ksu.ac.kr /home1/stdnt11/cs201059/public_html bottom1.html
2001.06.09 19:19 B C:\My Documents\Coffee-r\crecof.html --> yongso.ksu.ac.kr /home1/stdnt11/cs201059/public_html crecof.html
2001.06.09 19:19 B C:\My Documents\Coffee-r\delcof.html --> yongso.ksu.ac.kr /home1/stdnt11/cs201059/public_html delcof.html
2001.06.09 19:19 B C:\My Documents\Coffee-r\detcof.html --> yongso.ksu.ac.kr /home1/stdnt11/cs201059/public_html detcof.html
2001.06.09 19:19 B C:\My Documents\Coffee-r\hiscof.html --> yongso.ksu.ac.kr /home1/stdnt11/cs201059/public_html hiscof.html
2001.06.09 19:19 B C:\My Documents\Coffee-r\index.html --> yongso.ksu.ac.kr /home1/stdnt11/cs201059/public_html index.html
2001.06.09 19:19 B C:\My Documents\Coffee-r\index1.html --> yongso.ksu.ac.kr /home1/stdnt11/cs201059/public_html index1.html
2001.06.09 19:19 B C:\My Documents\Coffee-r\knowcof.html --> yongso.ksu.ac.kr /home1/stdnt11/cs201059/public_html knowcof.html
2001.06.09 19:19 B C:\My Documents\Coffee-r\knowmain.html --> yongso.ksu.ac.kr /home1/stdnt11/cs201059/public_html knowmain.html
2001.06.09 19:19 B C:\My Documents\Coffee-r\knowtop.html --> yongso.ksu.ac.kr /home1/stdnt11/cs201059/public_html knowtop.html
2001.06.09 19:19 B C:\My Documents\Coffee-r\left.html --> yongso.ksu.ac.kr /home1/stdnt11/cs201059/public_html left.html
2001.06.09 19:19 B C:\My Documents\Coffee-r\main.html --> yongso.ksu.ac.kr /home1/stdnt11/cs201059/public_html main.html
2001.06.09 19:19 B C:\My Documents\Coffee-r\right.html --> yongso.ksu.ac.kr /home1/stdnt11/cs201059/public_html right.html
2001.06.09 19:19 B C:\My Documents\Coffee-r\top.html --> yongso.ksu.ac.kr /home1/stdnt11/cs201059/public_html top.html
2001.06.09 19:19 B C:\My Documents\Coffee-r\woncof.html --> yongso.ksu.ac.kr /home1/stdnt11/cs201059/public_html woncof.html
2001.06.09 19:20 B C:\My Documents\Coffee-r\crecof.html --> yongso.ksu.ac.kr /home1/stdnt11/cs201059/public_html crecof.html
2001.06.09 19:20 B C:\My Documents\Coffee-r\woncof.html --> yongso.ksu.ac.kr /home1/stdnt11/cs201059/public_html woncof.html
2001.06.09 19:22 B C:\My Documents\Coffee-r\bobbcof.html --> yongso.ksu.ac.kr /home1/stdnt11/cs201059/public_html bobbcof.html
2001.06.09 23:39 B C:\My Documents\Coffee-r\hotcof.html --> yongso.ksu.ac.kr /home1/stdnt11/cs201059/public_html hotcof.html
2001.06.09 23:39 B C:\My Documents\Coffee-r\colcof.html --> yongso.ksu.ac.kr /home1/stdnt11/cs201059/public_html colcof.html
2001.06.09 23:40 B C:\My Documents\Coffee-r\colcof.html --> yongso.ksu.ac.kr /home1/stdnt11/cs201059/public_html colcof.html
2001.06.09 23:40 B C:\My Documents\Coffee-r\hotcof.html --> yongso.ksu.ac.kr /home1/stdnt11/cs201059/public_html hotcof.html
2001.06.10 00:39 B C:\My Documents\Coffee-r\profile.html --> yongso.ksu.ac.kr /home1/stdnt11/cs201059/public_html profile.html
2001.06.10 00:40 B C:\My Documents\Coffee-r\profile.html --> yongso.ksu.ac.kr /home1/stdnt11/cs201059/public_html profile.html
2001.06.10 00:41 B C:\My Documents\Coffee-r\profile.html --> yongso.ksu.ac.kr /home1/stdnt11/cs201059/public_html profile.html
2001.06.10 02:30 B C:\My Documents\Coffee-r\profile.html --> yongso.ksu.ac.kr /home1/stdnt11/cs201059/public_html profile.html
2001.06.10 02:32 B C:\My Documents\Coffee-r\profile.html --> yongso.ksu.ac.kr /home1/stdnt11/cs201059/public_html profile.html
2001.06.10 02:32 B C:\My Documents\Coffee-r\profile.html --> yongso.ksu.ac.kr /home1/stdnt11/cs201059/public_html profile.html
2001.06.10 02:36 B C:\My Documents\Coffee-r\profile.html --> yongso.ksu.ac.kr /home1/stdnt11/cs201059/public_html profile.html
2001.06.10 02:37 B C:\My Documents\Coffee-r\profile.html --> yongso.ksu.ac.kr /home1/stdnt11/cs201059/public_html profile.html
2001.06.10 02:38 B C:\My Documents\Coffee-r\profile.html --> yongso.ksu.ac.kr /home1/stdnt11/cs201059/public_html profile.html
2001.06.10 02:38 B C:\My Documents\Coffee-r\profile.html --> yongso.ksu.ac.kr /home1/stdnt11/cs201059/public_html profile.html
2001.06.10 02:40 B C:\My Documents\Coffee-r\profile.html --> yongso.ksu.ac.kr /home1/stdnt11/cs201059/public_html profile.html
2001.06.10 02:40 B C:\My Documents\Coffee-r\profile.html --> yongso.ksu.ac.kr /home1/stdnt11/cs201059/public_html profile.html
2001.06.10 02:41 B C:\My Documents\Coffee-r\profile.html --> yongso.ksu.ac.kr /home1/stdnt11/cs201059/public_html profile.html
2001.06.10 02:43 B C:\My Documents\Coffee-r\profile.html --> yongso.ksu.ac.kr /home1/stdnt11/cs201059/public_html profile.html
2001.06.10 02:44 B C:\My Documents\Coffee-r\profile.html --> yongso.ksu.ac.kr /home1/stdnt11/cs201059/public_html profile.html
2001.06.10 02:44 B C:\My Documents\Coffee-r\profile.html --> yongso.ksu.ac.kr /home1/stdnt11/cs201059/public_html profile.html
2001.06.10 03:59 B C:\My Documents\Coffee-r\instcof.html --> yongso.ksu.ac.kr /home1/stdnt11/cs201059/public_html instcof.html
2001.06.10 04:18 B C:\My Documents\Coffee-r\instcof.html --> yongso.ksu.ac.kr /home1/stdnt11/cs201059/public_html instcof.html
2001.06.10 04:20 B C:\My Documents\Coffee-r\instcof.html --> yongso.ksu.ac.kr /home1/stdnt11/cs201059/public_html instcof.html
2001.06.10 04:22 B C:\My Documents\Coffee-r\instcof.html --> yongso.ksu.ac.kr /home1/stdnt11/cs201059/public_html instcof.html
2001.06.10 04:22 B C:\My Documents\Coffee-r\instcof.html --> yongso.ksu.ac.kr /home1/stdnt11/cs201059/public_html instcof.html
2001.06.10 04:26 B C:\My Documents\Coffee-r\instcof.html --> yongso.ksu.ac.kr /home1/stdnt11/cs201059/public_html instcof.html
2001.06.10 04:29 B C:\My Documents\Coffee-r\instcof.html --> yongso.ksu.ac.kr /home1/stdnt11/cs201059/public_html instcof.html
2001.06.10 04:31 B C:\My Documents\Coffee-r\instcof.html --> yongso.ksu.ac.kr /home1/stdnt11/cs201059/public_html instcof.html
2001.06.10 04:33 B C:\My Documents\Coffee-r\instcof.html --> yongso.ksu.ac.kr /home1/stdnt11/cs201059/public_html instcof.html
2001.06.10 20:13 B C:\My Documents\Coffee-r\withcof.html --> yongso.ksu.ac.kr /home1/stdnt11/cs201059/public_html withcof.html
2001.06.10 20:16 B C:\My Documents\Coffee-r\right.html --> yongso.ksu.ac.kr /home1/stdnt11/cs201059/public_html right.html
2001.06.10 20:30 B C:\My Documents\Coffee-r\banner.html --> yongso.ksu.ac.kr /home1/stdnt11/cs201059/public_html banner.html
2001.06.10 20:41 B C:\My Documents\Coffee-r\colcof.html --> yongso.ksu.ac.kr /home1/stdnt11/cs201059/public_html colcof.html
2001.06.10 20:44 B C:\My Documents\Coffee-r\colcof.html --> yongso.ksu.ac.kr /home1/stdnt11/cs201059/public_html colcof.html
2001.06.10 20:51 B C:\My Documents\Coffee-r\colcof.html --> yongso.ksu.ac.kr /home1/stdnt11/cs201059/public_html colcof.html
2001.06.10 20:51 B C:\My Documents\Coffee-r\hotcof.html --> yongso.ksu.ac.kr /home1/stdnt11/cs201059/public_html hotcof.html
2001.06.10 21:15 B C:\My Documents\Coffee-r\hotcof.html --> yongso.ksu.ac.kr /home1/stdnt11/cs201059/public_html hotcof.html
2001.06.10 21:15 B C:\My Documents\Coffee-r\colcof.html --> yongso.ksu.ac.kr /home1/stdnt11/cs201059/public_html colcof.html
2001.06.10 21:18 B C:\My Documents\Coffee-r\colcof.html --> yongso.ksu.ac.kr /home1/stdnt11/cs201059/public_html colcof.html
2001.06.10 21:18 B C:\My Documents\Coffee-r\hotcof.html --> yongso.ksu.ac.kr /home1/stdnt11/cs201059/public_html hotcof.html
2001.06.10 22:14 B C:\My Documents\Coffee-r\cookcake.html --> yongso.ksu.ac.kr /home1/stdnt11/cs201059/public_html cookcake.html
2001.06.10 22:15 B C:\My Documents\Coffee-r\beauty.html --> yongso.ksu.ac.kr /home1/stdnt11/cs201059/public_html beauty.html
2001.06.10 22:16 B C:\My Documents\Coffee-r\cookcake.html --> yongso.ksu.ac.kr /home1/stdnt11/cs201059/public_html cookcake.html
2001.06.10 22:16 B C:\My Documents\Coffee-r\beauty.html --> yongso.ksu.ac.kr /home1/stdnt11/cs201059/public_html beauty.html
2001.06.10 22:17 B C:\My Documents\Coffee-r\beauty.html --> yongso.ksu.ac.kr /home1/stdnt11/cs201059/public_html beauty.html
2001.06.10 22:31 B C:\My Documents\Coffee-r\cookcake.html --> yongso.ksu.ac.kr /home1/stdnt11/cs201059/public_html cookcake.html
2001.06.10 22:31 B C:\My Documents\Coffee-r\cookcake1.html --> yongso.ksu.ac.kr /home1/stdnt11/cs201059/public_html cookcake1.html
2001.06.10 22:33 B C:\My Documents\Coffee-r\cookcake.html --> yongso.ksu.ac.kr /home1/stdnt11/cs201059/public_html cookcake.html
2001.06.10 22:33 B C:\My Documents\Coffee-r\cookcake1.html --> yongso.ksu.ac.kr /home1/stdnt11/cs201059/public_html cookcake1.html
2001.06.10 22:39 B C:\My Documents\Coffee-r\cookcake.html --> yongso.ksu.ac.kr /home1/stdnt11/cs201059/public_html cookcake.html
2001.06.10 22:39 B C:\My Documents\Coffee-r\cookcake1.html --> yongso.ksu.ac.kr /home1/stdnt11/cs201059/public_html cookcake1.html
2001.06.10 22:41 B C:\My Documents\Coffee-r\cookcake1.html --> yongso.ksu.ac.kr /home1/stdnt11/cs201059/public_html cookcake1.html
2001.06.10 22:41 B C:\My Documents\Coffee-r\cookcake.html --> yongso.ksu.ac.kr /home1/stdnt11/cs201059/public_html cookcake.html
2001.06.10 22:45 B C:\My Documents\Coffee-r\cookcake.html --> yongso.ksu.ac.kr /home1/stdnt11/cs201059/public_html cookcake.html
2001.06.10 22:45 B C:\My Documents\Coffee-r\cookcake1.html --> yongso.ksu.ac.kr /home1/stdnt11/cs201059/public_html cookcake1.html
2001.06.10 22:45 B C:\My Documents\Coffee-r\beauty.html --> yongso.ksu.ac.kr /home1/stdnt11/cs201059/public_html beauty.html
2001.06.10 22:46 B C:\My Documents\Coffee-r\cookcake.html --> yongso.ksu.ac.kr /home1/stdnt11/cs201059/public_html cookcake.html
2001.06.10 22:46 B C:\My Documents\Coffee-r\cookcake1.html --> yongso.ksu.ac.kr /home1/stdnt11/cs201059/public_html cookcake1.html
2001.06.10 22:47 B C:\My Documents\Coffee-r\cookcake1.html --> yongso.ksu.ac.kr /home1/stdnt11/cs201059/public_html cookcake1.html
2001.06.10 22:47 B C:\My Documents\Coffee-r\cookcake.html --> yongso.ksu.ac.kr /home1/stdnt11/cs201059/public_html cookcake.html
2001.06.10 23:06 B C:\My Documents\Coffee-r\cookcake.html --> yongso.ksu.ac.kr /home1/stdnt11/cs201059/public_html cookcake.html
2001.06.10 23:06 B C:\My Documents\Coffee-r\cookcake1.html --> yongso.ksu.ac.kr /home1/stdnt11/cs201059/public_html cookcake1.html
2001.06.10 23:11 B C:\My Documents\Coffee-r\cookcake.html --> yongso.ksu.ac.kr /home1/stdnt11/cs201059/public_html cookcake.html
2001.06.10 23:11 B C:\My Documents\Coffee-r\cookcake1.html --> yongso.ksu.ac.kr /home1/stdnt11/cs201059/public_html cookcake1.html
2001.06.10 23:13 B C:\My Documents\Coffee-r\cookcake.html --> yongso.ksu.ac.kr /home1/stdnt11/cs201059/public_html cookcake.html
2001.06.10 23:13 B C:\My Documents\Coffee-r\cookcake1.html --> yongso.ksu.ac.kr /home1/stdnt11/cs201059/public_html cookcake1.html
2001.06.10 23:15 B C:\My Documents\Coffee-r\cookcake1.html --> yongso.ksu.ac.kr /home1/stdnt11/cs201059/public_html cookcake1.html
2001.06.10 23:15 B C:\My Documents\Coffee-r\cookcake.html --> yongso.ksu.ac.kr /home1/stdnt11/cs201059/public_html cookcake.html
2001.06.10 23:35 B C:\My Documents\Coffee-r\colcof.html --> yongso.ksu.ac.kr /home1/stdnt11/cs201059/public_html colcof.html
2001.06.10 23:36 B C:\My Documents\Coffee-r\colcof.html --> yongso.ksu.ac.kr /home1/stdnt11/cs201059/public_html colcof.html
2001.06.10 23:39 B C:\My Documents\Coffee-r\colcof.html --> yongso.ksu.ac.kr /home1/stdnt11/cs201059/public_html colcof.html
2001.06.10 23:41 B C:\My Documents\Coffee-r\colcof.html --> yongso.ksu.ac.kr /home1/stdnt11/cs201059/public_html colcof.html
2001.06.10 23:45 B C:\My Documents\Coffee-r\colcof.html --> yongso.ksu.ac.kr /home1/stdnt11/cs201059/public_html colcof.html
2001.06.11 23:57 B C:\My Documents\Coffee-r\colcof.html --> yongso.ksu.ac.kr /home1/stdnt11/cs201059/public_html colcof.html
2001.06.11 23:57 B C:\My Documents\Coffee-r\hotcof.html --> yongso.ksu.ac.kr /home1/stdnt11/cs201059/public_html hotcof.html
2001.06.11 23:57 B C:\My Documents\Coffee-r\p01.html --> yongso.ksu.ac.kr /home1/stdnt11/cs201059/public_html p01.html
2001.06.11 23:57 B C:\My Documents\Coffee-r\p02.html --> yongso.ksu.ac.kr /home1/stdnt11/cs201059/public_html p02.html
2001.06.11 23:57 B C:\My Documents\Coffee-r\p03.html --> yongso.ksu.ac.kr /home1/stdnt11/cs201059/public_html p03.html
2001.06.11 23:57 B C:\My Documents\Coffee-r\p04.html --> yongso.ksu.ac.kr /home1/stdnt11/cs201059/public_html p04.html
2001.06.11 23:57 B C:\My Documents\Coffee-r\cookcake.html --> yongso.ksu.ac.kr /home1/stdnt11/cs201059/public_html cookcake.html
2001.06.11 23:57 B C:\My Documents\Coffee-r\cookcake1.html --> yongso.ksu.ac.kr /home1/stdnt11/cs201059/public_html cookcake1.html
2001.06.12 00:00 B C:\My Documents\Coffee-r\cookcake.html --> yongso.ksu.ac.kr /home1/stdnt11/cs201059/public_html cookcake.html
2001.06.12 00:00 B C:\My Documents\Coffee-r\cookcake1.html --> yongso.ksu.ac.kr /home1/stdnt11/cs201059/public_html cookcake1.html
2001.06.12 00:01 B C:\My Documents\Coffee-r\beauty.html --> yongso.ksu.ac.kr /home1/stdnt11/cs201059/public_html beauty.html
2001.06.12 00:05 B C:\My Documents\Coffee-r\beauty.html --> yongso.ksu.ac.kr /home1/stdnt11/cs201059/public_html beauty.html
2001.06.12 00:13 B C:\My Documents\Coffee-r\instcof.html --> yongso.ksu.ac.kr /home1/stdnt11/cs201059/public_html instcof.html
2001.06.12 00:17 B C:\My Documents\Coffee-r\hotcof.html --> yongso.ksu.ac.kr /home1/stdnt11/cs201059/public_html hotcof.html
2001.06.12 00:21 B C:\My Documents\Coffee-r\colcof.html --> yongso.ksu.ac.kr /home1/stdnt11/cs201059/public_html colcof.html
2001.06.12 00:36 B C:\My Documents\Coffee-r\cookcake.html --> yongso.ksu.ac.kr /home1/stdnt11/cs201059/public_html cookcake.html
2001.06.12 00:36 B C:\My Documents\Coffee-r\cookcake1.html --> yongso.ksu.ac.kr /home1/stdnt11/cs201059/public_html cookcake1.html
2001.06.12 00:38 B C:\My Documents\Coffee-r\beauty.html --> yongso.ksu.ac.kr /home1/stdnt11/cs201059/public_html beauty.html
2001.06.12 17:03 B C:\My Documents\Coffee-r\p01.html --> yongso.ksu.ac.kr /home1/stdnt11/cs201059/public_html p01.html
2001.06.12 17:03 B C:\My Documents\Coffee-r\p02.html --> yongso.ksu.ac.kr /home1/stdnt11/cs201059/public_html p02.html
2001.06.12 17:03 B C:\My Documents\Coffee-r\p03.html --> yongso.ksu.ac.kr /home1/stdnt11/cs201059/public_html p03.html
2001.06.12 17:03 B C:\My Documents\Coffee-r\p04.html --> yongso.ksu.ac.kr /home1/stdnt11/cs201059/public_html p04.html
2001.06.12 17:03 B C:\My Documents\Coffee-r\right.html --> yongso.ksu.ac.kr /home1/stdnt11/cs201059/public_html right.html
2001.06.12 18:01 B C:\My Documents\Coffee-r\right.html --> yongso.ksu.ac.kr /home1/stdnt11/cs201059/public_html right.html
2001.06.12 18:03 B C:\My Documents\Coffee-r\right.html --> yongso.ksu.ac.kr /home1/stdnt11/cs201059/public_html right.html
2001.06.12 18:04 B C:\My Documents\Coffee-r\right.html --> yongso.ksu.ac.kr /home1/stdnt11/cs201059/public_html right.html
2001.06.12 19:05 B C:\My Documents\Coffee-r\right.html --> yongso.ksu.ac.kr /home1/stdnt11/cs201059/public_html right.html
2001.06.13 02:40 B C:\My Documents\Coffee-r\top.html --> yongso.ksu.ac.kr /home1/stdnt11/cs201059/public_html top.html
2001.07.28 03:09 B C:\Homepage\SongmanX V2.0\right.html --> yongso.ksu.ac.kr /home1/stdnt11/cs201059/public_html right.html
2001.07.28 03:09 B C:\Homepage\SongmanX V2.0\right.html --> yongso.ksu.ac.kr /home1/stdnt11/cs201059/public_html right.html
2001.07.28 03:09 B C:\Homepage\SongmanX V2.0\right.html --> yongso.ksu.ac.kr /home1/stdnt11/cs201059/public_html right.html
2001.07.28 03:10 B C:\Homepage\SongmanX V2.0\right.html --> yongso.ksu.ac.kr /home1/stdnt11/cs201059/public_html right.html
2001.07.28 03:10 B C:\Homepage\SongmanX V2.0\right.html --> yongso.ksu.ac.kr /home1/stdnt11/cs201059/public_html right.html
2001.07.28 03:10 B C:\Homepage\SongmanX V2.0\right.html --> yongso.ksu.ac.kr /home1/stdnt11/cs201059/public_html right.html
2001.07.28 03:11 B C:\Homepage\SongmanX V2.0\right.html --> yongso.ksu.ac.kr /home1/stdnt11/cs201059/public_html right.html
2001.07.28 03:11 B C:\Homepage\SongmanX V2.0\right.html --> yongso.ksu.ac.kr /home1/stdnt11/cs201059/public_html right.html
2001.07.28 03:12 B C:\Homepage\SongmanX V2.0\right.html --> yongso.ksu.ac.kr /home1/stdnt11/cs201059/public_html right.html
2001.09.11 22:23 B C:\Homepage\SongmanX V2.0\right.html --> yongso.ksu.ac.kr /home1/stdnt11/cs201059/public_html right.html
2001.09.11 22:25 B C:\Homepage\SongmanX V2.0\right.html --> yongso.ksu.ac.kr /home1/stdnt11/cs201059/public_html right.html
2001.09.11 22:26 B C:\Homepage\SongmanX V2.0\right.html --> yongso.ksu.ac.kr /home1/stdnt11/cs201059/public_html right.html
2001.09.11 22:31 B C:\Homepage\SongmanX V2.0\right.html --> yongso.ksu.ac.kr /home1/stdnt11/cs201059/public_html right.html
2001.09.11 22:31 B C:\Homepage\SongmanX V2.0\right.html --> yongso.ksu.ac.kr /home1/stdnt11/cs201059/public_html right.html
2001.09.11 22:32 B C:\Homepage\SongmanX V2.0\right.html --> yongso.ksu.ac.kr /home1/stdnt11/cs201059/public_html right.html
2001.09.11 22:32 B C:\Homepage\SongmanX V2.0\right.html --> yongso.ksu.ac.kr /home1/stdnt11/cs201059/public_html right.html
2001.09.11 22:33 B C:\Homepage\SongmanX V2.0\right.html --> yongso.ksu.ac.kr /home1/stdnt11/cs201059/public_html right.html
2001.09.11 22:33 B C:\Homepage\SongmanX V2.0\right.html --> yongso.ksu.ac.kr /home1/stdnt11/cs201059/public_html right.html
2001.09.11 22:35 B C:\Homepage\SongmanX V2.0\right.html --> yongso.ksu.ac.kr /home1/stdnt11/cs201059/public_html right.html
2001.09.11 22:36 B C:\Homepage\SongmanX V2.0\right.html --> yongso.ksu.ac.kr /home1/stdnt11/cs201059/public_html right.html
2001.09.11 22:37 B C:\Homepage\SongmanX V2.0\right.html --> yongso.ksu.ac.kr /home1/stdnt11/cs201059/public_html right.html
2001.09.11 22:38 B C:\Homepage\SongmanX V2.0\right.html --> yongso.ksu.ac.kr /home1/stdnt11/cs201059/public_html right.html
2001.09.11 22:39 B C:\Homepage\SongmanX V2.0\right.html --> yongso.ksu.ac.kr /home1/stdnt11/cs201059/public_html right.html
2001.09.11 22:40 B C:\Homepage\SongmanX V2.0\right.html --> yongso.ksu.ac.kr /home1/stdnt11/cs201059/public_html right.html
2001.09.11 22:48 B C:\Homepage\SongmanX V2.0\right.html --> yongso.ksu.ac.kr /home1/stdnt11/cs201059/public_html right.html
2001.09.11 22:49 B C:\Homepage\SongmanX V2.0\right.html --> yongso.ksu.ac.kr /home1/stdnt11/cs201059/public_html right.html
2001.09.11 22:49 B C:\Homepage\SongmanX V2.0\right.html --> yongso.ksu.ac.kr /home1/stdnt11/cs201059/public_html right.html
2001.09.11 22:50 B C:\Homepage\SongmanX V2.0\right.html --> yongso.ksu.ac.kr /home1/stdnt11/cs201059/public_html right.html
2001.09.11 22:51 B C:\Homepage\SongmanX V2.0\right.html --> yongso.ksu.ac.kr /home1/stdnt11/cs201059/public_html right.html
2001.09.11 22:52 B C:\Homepage\SongmanX V2.0\right.html --> yongso.ksu.ac.kr /home1/stdnt11/cs201059/public_html right.html
2001.09.11 22:52 B C:\Homepage\SongmanX V2.0\right.html --> yongso.ksu.ac.kr /home1/stdnt11/cs201059/public_html right.html
2001.09.11 22:53 B C:\Homepage\SongmanX V2.0\right.html --> yongso.ksu.ac.kr /home1/stdnt11/cs201059/public_html right.html
2001.09.11 22:55 B C:\Homepage\SongmanX V2.0\right.html --> yongso.ksu.ac.kr /home1/stdnt11/cs201059/public_html right.html
2001.09.11 22:55 B C:\Homepage\SongmanX V2.0\right.html --> yongso.ksu.ac.kr /home1/stdnt11/cs201059/public_html right.html
2001.09.11 22:56 B C:\Homepage\SongmanX V2.0\right.html --> yongso.ksu.ac.kr /home1/stdnt11/cs201059/public_html right.html
2001.09.11 22:57 B C:\Homepage\SongmanX V2.0\right.html --> yongso.ksu.ac.kr /home1/stdnt11/cs201059/public_html right.html
2001.09.11 22:58 B C:\Homepage\SongmanX V2.0\right.html --> yongso.ksu.ac.kr /home1/stdnt11/cs201059/public_html right.html
