2001.09.24 22:08 B C:\My Documents\»®««¡¶¿€\main_java\images\1.gif --> dslife.org /home/dslife/main_java/images 1.gif
2001.09.24 22:08 B C:\My Documents\»®««¡¶¿€\main_java\images\11.gif --> dslife.org /home/dslife/main_java/images 11.gif
2001.09.24 22:08 B C:\My Documents\»®««¡¶¿€\main_java\images\12.gif --> dslife.org /home/dslife/main_java/images 12.gif
2001.09.24 22:08 B C:\My Documents\»®««¡¶¿€\main_java\images\13.gif --> dslife.org /home/dslife/main_java/images 13.gif
2001.09.24 22:08 B C:\My Documents\»®««¡¶¿€\main_java\images\14.gif --> dslife.org /home/dslife/main_java/images 14.gif
2001.09.24 22:08 B C:\My Documents\»®««¡¶¿€\main_java\images\1_1.gif --> dslife.org /home/dslife/main_java/images 1_1.gif
2001.09.24 22:08 B C:\My Documents\»®««¡¶¿€\main_java\images\2.gif --> dslife.org /home/dslife/main_java/images 2.gif
2001.09.24 22:08 B C:\My Documents\»®««¡¶¿€\main_java\images\21.gif --> dslife.org /home/dslife/main_java/images 21.gif
2001.09.24 22:08 B C:\My Documents\»®««¡¶¿€\main_java\images\22.gif --> dslife.org /home/dslife/main_java/images 22.gif
2001.09.24 22:08 B C:\My Documents\»®««¡¶¿€\main_java\images\23.gif --> dslife.org /home/dslife/main_java/images 23.gif
2001.09.24 22:08 B C:\My Documents\»®««¡¶¿€\main_java\images\2_1.gif --> dslife.org /home/dslife/main_java/images 2_1.gif
2001.09.24 22:08 B C:\My Documents\»®««¡¶¿€\main_java\images\3.gif --> dslife.org /home/dslife/main_java/images 3.gif
2001.09.24 22:08 B C:\My Documents\»®««¡¶¿€\main_java\images\31.gif --> dslife.org /home/dslife/main_java/images 31.gif
2001.09.24 22:08 B C:\My Documents\»®««¡¶¿€\main_java\images\32.gif --> dslife.org /home/dslife/main_java/images 32.gif
2001.09.24 22:08 B C:\My Documents\»®««¡¶¿€\main_java\images\33.gif --> dslife.org /home/dslife/main_java/images 33.gif
2001.09.24 22:08 B C:\My Documents\»®««¡¶¿€\main_java\images\3_1.gif --> dslife.org /home/dslife/main_java/images 3_1.gif
2001.09.24 22:08 B C:\My Documents\»®««¡¶¿€\main_java\images\4.gif --> dslife.org /home/dslife/main_java/images 4.gif
2001.09.24 22:08 B C:\My Documents\»®««¡¶¿€\main_java\images\41.gif --> dslife.org /home/dslife/main_java/images 41.gif
2001.09.24 22:08 B C:\My Documents\»®««¡¶¿€\main_java\images\42.gif --> dslife.org /home/dslife/main_java/images 42.gif
2001.09.24 22:08 B C:\My Documents\»®««¡¶¿€\main_java\images\43.gif --> dslife.org /home/dslife/main_java/images 43.gif
2001.09.24 22:08 B C:\My Documents\»®««¡¶¿€\main_java\images\44.gif --> dslife.org /home/dslife/main_java/images 44.gif
2001.09.24 22:08 B C:\My Documents\»®««¡¶¿€\main_java\images\45.gif --> dslife.org /home/dslife/main_java/images 45.gif
2001.09.24 22:08 B C:\My Documents\»®««¡¶¿€\main_java\images\46.gif --> dslife.org /home/dslife/main_java/images 46.gif
2001.09.24 22:08 B C:\My Documents\»®««¡¶¿€\main_java\images\47.gif --> dslife.org /home/dslife/main_java/images 47.gif
2001.09.24 22:08 B C:\My Documents\»®««¡¶¿€\main_java\images\4_1.gif --> dslife.org /home/dslife/main_java/images 4_1.gif
2001.09.24 22:08 B C:\My Documents\»®««¡¶¿€\main_java\images\5.gif --> dslife.org /home/dslife/main_java/images 5.gif
2001.09.24 22:08 B C:\My Documents\»®««¡¶¿€\main_java\images\51.gif --> dslife.org /home/dslife/main_java/images 51.gif
2001.09.24 22:08 B C:\My Documents\»®««¡¶¿€\main_java\images\52.gif --> dslife.org /home/dslife/main_java/images 52.gif
2001.09.24 22:08 B C:\My Documents\»®««¡¶¿€\main_java\images\53.gif --> dslife.org /home/dslife/main_java/images 53.gif
2001.09.24 22:08 B C:\My Documents\»®««¡¶¿€\main_java\images\54.gif --> dslife.org /home/dslife/main_java/images 54.gif
2001.09.24 22:08 B C:\My Documents\»®««¡¶¿€\main_java\images\5_1.gif --> dslife.org /home/dslife/main_java/images 5_1.gif
2001.09.24 22:08 B C:\My Documents\»®««¡¶¿€\main_java\images\6.gif --> dslife.org /home/dslife/main_java/images 6.gif
2001.09.24 22:08 B C:\My Documents\»®««¡¶¿€\main_java\images\61.gif --> dslife.org /home/dslife/main_java/images 61.gif
2001.09.24 22:08 B C:\My Documents\»®««¡¶¿€\main_java\images\62.gif --> dslife.org /home/dslife/main_java/images 62.gif
2001.09.24 22:08 B C:\My Documents\»®««¡¶¿€\main_java\images\63.gif --> dslife.org /home/dslife/main_java/images 63.gif
2001.09.24 22:08 B C:\My Documents\»®««¡¶¿€\main_java\images\64.gif --> dslife.org /home/dslife/main_java/images 64.gif
2001.09.24 22:08 B C:\My Documents\»®««¡¶¿€\main_java\images\65.gif --> dslife.org /home/dslife/main_java/images 65.gif
2001.09.24 22:08 B C:\My Documents\»®««¡¶¿€\main_java\images\6_1.gif --> dslife.org /home/dslife/main_java/images 6_1.gif
2001.09.24 22:08 B C:\My Documents\»®««¡¶¿€\main_java\images\7.gif --> dslife.org /home/dslife/main_java/images 7.gif
2001.09.24 22:08 B C:\My Documents\»®««¡¶¿€\main_java\images\71.gif --> dslife.org /home/dslife/main_java/images 71.gif
2001.09.24 22:08 B C:\My Documents\»®««¡¶¿€\main_java\images\72.gif --> dslife.org /home/dslife/main_java/images 72.gif
2001.09.24 22:08 B C:\My Documents\»®««¡¶¿€\main_java\images\73.gif --> dslife.org /home/dslife/main_java/images 73.gif
2001.09.24 22:08 B C:\My Documents\»®««¡¶¿€\main_java\images\74.gif --> dslife.org /home/dslife/main_java/images 74.gif
2001.09.24 22:08 B C:\My Documents\»®««¡¶¿€\main_java\images\75.gif --> dslife.org /home/dslife/main_java/images 75.gif
2001.09.24 22:08 B C:\My Documents\»®««¡¶¿€\main_java\images\76.gif --> dslife.org /home/dslife/main_java/images 76.gif
2001.09.24 22:08 B C:\My Documents\»®««¡¶¿€\main_java\images\77.gif --> dslife.org /home/dslife/main_java/images 77.gif
2001.09.24 22:08 B C:\My Documents\»®««¡¶¿€\main_java\images\78.gif --> dslife.org /home/dslife/main_java/images 78.gif
2001.09.24 22:08 B C:\My Documents\»®««¡¶¿€\main_java\images\7_1.gif --> dslife.org /home/dslife/main_java/images 7_1.gif
2001.09.24 22:08 B C:\My Documents\»®««¡¶¿€\main_java\images\a.gif --> dslife.org /home/dslife/main_java/images a.gif
2001.09.24 22:08 B C:\My Documents\»®««¡¶¿€\main_java\images\b.gif --> dslife.org /home/dslife/main_java/images b.gif
2001.09.24 22:08 B C:\My Documents\»®««¡¶¿€\main_java\images\Thumbs.db --> dslife.org /home/dslife/main_java/images Thumbs.db
