2001.05.10 20:09 B C:\My Documents\Coffee-r\img\index.jpg --> yongso.ksu.ac.kr /home1/stdnt11/cs201059/public_html index.jpg
2001.05.12 21:38 B C:\My Documents\Coffee-r\img\index1.jpg --> yongso.ksu.ac.kr /home1/stdnt11/cs201059/public_html index1.jpg
2001.05.13 02:39 B C:\My Documents\Coffee-r\img\top1.jpg --> yongso.ksu.ac.kr /home1/stdnt11/cs201059/public_html/img top1.jpg
2001.05.13 02:40 B C:\My Documents\Coffee-r\img\top.jpg --> yongso.ksu.ac.kr /home1/stdnt11/cs201059/public_html/img top.jpg
2001.05.13 02:40 B C:\My Documents\Coffee-r\img\left.jpg --> yongso.ksu.ac.kr /home1/stdnt11/cs201059/public_html/img left.jpg
2001.05.13 02:40 B C:\My Documents\Coffee-r\img\top11.jpg --> yongso.ksu.ac.kr /home1/stdnt11/cs201059/public_html/img top11.jpg
2001.05.13 03:20 B C:\My Documents\Coffee-r\img\top1.jpg --> yongso.ksu.ac.kr /home1/stdnt11/cs201059/public_html/img top1.jpg
2001.05.13 03:20 B C:\My Documents\Coffee-r\img\top11.jpg --> yongso.ksu.ac.kr /home1/stdnt11/cs201059/public_html/img top11.jpg
2001.05.13 03:20 B C:\My Documents\Coffee-r\img\left.jpg --> yongso.ksu.ac.kr /home1/stdnt11/cs201059/public_html/img left.jpg
2001.05.13 03:21 B C:\My Documents\Coffee-r\img\top1.jpg --> yongso.ksu.ac.kr /home1/stdnt11/cs201059/public_html/img top1.jpg
2001.05.13 16:53 B C:\My Documents\Coffee-r\img\top12.jpg --> yongso.ksu.ac.kr /home1/stdnt11/cs201059/public_html/img top12.jpg
2001.05.13 17:06 B C:\My Documents\Coffee-r\img\top12.jpg --> yongso.ksu.ac.kr /home1/stdnt11/cs201059/public_html top12.jpg
2001.05.13 17:06 B C:\My Documents\Coffee-r\img\top12.jpg --> yongso.ksu.ac.kr /home1/stdnt11/cs201059/public_html/img top12.jpg
2001.05.13 17:25 B C:\My Documents\Coffee-r\img\left.jpg --> yongso.ksu.ac.kr /home1/stdnt11/cs201059/public_html/img left.jpg
2001.05.13 17:26 B C:\My Documents\Coffee-r\img\left.jpg --> yongso.ksu.ac.kr /home1/stdnt11/cs201059/public_html/img left.jpg
2001.05.13 17:30 B C:\My Documents\Coffee-r\img\left.jpg --> yongso.ksu.ac.kr /home1/stdnt11/cs201059/public_html/img left.jpg
2001.05.13 17:31 B C:\My Documents\Coffee-r\img\left.jpg --> yongso.ksu.ac.kr /home1/stdnt11/cs201059/public_html/img left.jpg
2001.05.13 19:11 B C:\My Documents\Coffee-r\img\left11.jpg --> yongso.ksu.ac.kr /home1/stdnt11/cs201059/public_html/img left11.jpg
2001.05.13 19:11 B C:\My Documents\Coffee-r\img\left11.psd --> yongso.ksu.ac.kr /home1/stdnt11/cs201059/public_html/img left11.psd
2001.05.13 19:11 B C:\My Documents\Coffee-r\img\left12.jpg --> yongso.ksu.ac.kr /home1/stdnt11/cs201059/public_html/img left12.jpg
2001.05.13 19:11 B C:\My Documents\Coffee-r\img\left21.jpg --> yongso.ksu.ac.kr /home1/stdnt11/cs201059/public_html/img left21.jpg
2001.05.13 19:11 B C:\My Documents\Coffee-r\img\left22.jpg --> yongso.ksu.ac.kr /home1/stdnt11/cs201059/public_html/img left22.jpg
2001.05.13 19:11 B C:\My Documents\Coffee-r\img\left31.jpg --> yongso.ksu.ac.kr /home1/stdnt11/cs201059/public_html/img left31.jpg
2001.05.13 19:11 B C:\My Documents\Coffee-r\img\left32.jpg --> yongso.ksu.ac.kr /home1/stdnt11/cs201059/public_html/img left32.jpg
2001.05.13 19:11 B C:\My Documents\Coffee-r\img\left41.jpg --> yongso.ksu.ac.kr /home1/stdnt11/cs201059/public_html/img left41.jpg
2001.05.13 19:11 B C:\My Documents\Coffee-r\img\left42.jpg --> yongso.ksu.ac.kr /home1/stdnt11/cs201059/public_html/img left42.jpg
2001.05.13 19:11 B C:\My Documents\Coffee-r\img\left51.jpg --> yongso.ksu.ac.kr /home1/stdnt11/cs201059/public_html/img left51.jpg
2001.05.13 19:11 B C:\My Documents\Coffee-r\img\left52.jpg --> yongso.ksu.ac.kr /home1/stdnt11/cs201059/public_html/img left52.jpg
2001.05.13 19:11 B C:\My Documents\Coffee-r\img\left61.jpg --> yongso.ksu.ac.kr /home1/stdnt11/cs201059/public_html/img left61.jpg
2001.05.13 19:11 B C:\My Documents\Coffee-r\img\left62.jpg --> yongso.ksu.ac.kr /home1/stdnt11/cs201059/public_html/img left62.jpg
2001.05.13 19:11 B C:\My Documents\Coffee-r\img\left71.jpg --> yongso.ksu.ac.kr /home1/stdnt11/cs201059/public_html/img left71.jpg
2001.05.13 19:11 B C:\My Documents\Coffee-r\img\left72.jpg --> yongso.ksu.ac.kr /home1/stdnt11/cs201059/public_html/img left72.jpg
2001.05.17 00:18 B C:\My Documents\Coffee-r\img\left11.jpg --> yongso.ksu.ac.kr /home1/stdnt11/cs201059/public_html/img left11.jpg
2001.05.17 00:18 B C:\My Documents\Coffee-r\img\left12.jpg --> yongso.ksu.ac.kr /home1/stdnt11/cs201059/public_html/img left12.jpg
2001.05.17 00:18 B C:\My Documents\Coffee-r\img\left11.jpg --> yongso.ksu.ac.kr /home1/stdnt11/cs201059/public_html/img left11.jpg
2001.05.17 00:18 B C:\My Documents\Coffee-r\img\left12.jpg --> yongso.ksu.ac.kr /home1/stdnt11/cs201059/public_html/img left12.jpg
2001.05.17 00:18 B C:\My Documents\Coffee-r\img\left11.jpg --> yongso.ksu.ac.kr /home1/stdnt11/cs201059/public_html/img left11.jpg
2001.05.17 00:18 B C:\My Documents\Coffee-r\img\left12.jpg --> yongso.ksu.ac.kr /home1/stdnt11/cs201059/public_html/img left12.jpg
2001.05.17 00:18 B C:\My Documents\Coffee-r\img\left21.jpg --> yongso.ksu.ac.kr /home1/stdnt11/cs201059/public_html/img left21.jpg
2001.05.17 00:18 B C:\My Documents\Coffee-r\img\left22.jpg --> yongso.ksu.ac.kr /home1/stdnt11/cs201059/public_html/img left22.jpg
2001.05.17 00:19 B C:\My Documents\Coffee-r\img\left31.jpg --> yongso.ksu.ac.kr /home1/stdnt11/cs201059/public_html/img left31.jpg
2001.05.17 00:19 B C:\My Documents\Coffee-r\img\left32.jpg --> yongso.ksu.ac.kr /home1/stdnt11/cs201059/public_html/img left32.jpg
2001.05.17 00:19 B C:\My Documents\Coffee-r\img\left41.jpg --> yongso.ksu.ac.kr /home1/stdnt11/cs201059/public_html/img left41.jpg
2001.05.17 00:19 B C:\My Documents\Coffee-r\img\left42.jpg --> yongso.ksu.ac.kr /home1/stdnt11/cs201059/public_html/img left42.jpg
2001.05.17 00:19 B C:\My Documents\Coffee-r\img\left51.jpg --> yongso.ksu.ac.kr /home1/stdnt11/cs201059/public_html/img left51.jpg
2001.05.17 00:19 B C:\My Documents\Coffee-r\img\left52.jpg --> yongso.ksu.ac.kr /home1/stdnt11/cs201059/public_html/img left52.jpg
2001.05.17 00:19 B C:\My Documents\Coffee-r\img\left61.jpg --> yongso.ksu.ac.kr /home1/stdnt11/cs201059/public_html/img left61.jpg
2001.05.17 00:19 B C:\My Documents\Coffee-r\img\left62.jpg --> yongso.ksu.ac.kr /home1/stdnt11/cs201059/public_html/img left62.jpg
2001.05.17 00:19 B C:\My Documents\Coffee-r\img\left71.jpg --> yongso.ksu.ac.kr /home1/stdnt11/cs201059/public_html/img left71.jpg
2001.05.17 00:19 B C:\My Documents\Coffee-r\img\left72.jpg --> yongso.ksu.ac.kr /home1/stdnt11/cs201059/public_html/img left72.jpg
2001.05.17 00:19 B C:\My Documents\Coffee-r\img\left71.jpg --> yongso.ksu.ac.kr /home1/stdnt11/cs201059/public_html/img left71.jpg
2001.05.17 00:38 B C:\My Documents\Coffee-r\img\left11.jpg --> yongso.ksu.ac.kr /home1/stdnt11/cs201059/public_html/img left11.jpg
2001.05.17 00:38 B C:\My Documents\Coffee-r\img\left12.jpg --> yongso.ksu.ac.kr /home1/stdnt11/cs201059/public_html/img left12.jpg
2001.05.17 00:38 B C:\My Documents\Coffee-r\img\left21.jpg --> yongso.ksu.ac.kr /home1/stdnt11/cs201059/public_html/img left21.jpg
2001.05.17 00:38 B C:\My Documents\Coffee-r\img\left22.jpg --> yongso.ksu.ac.kr /home1/stdnt11/cs201059/public_html/img left22.jpg
2001.05.17 00:38 B C:\My Documents\Coffee-r\img\left31.jpg --> yongso.ksu.ac.kr /home1/stdnt11/cs201059/public_html/img left31.jpg
2001.05.17 00:38 B C:\My Documents\Coffee-r\img\left32.jpg --> yongso.ksu.ac.kr /home1/stdnt11/cs201059/public_html/img left32.jpg
2001.05.17 00:38 B C:\My Documents\Coffee-r\img\left41.jpg --> yongso.ksu.ac.kr /home1/stdnt11/cs201059/public_html/img left41.jpg
2001.05.17 00:38 B C:\My Documents\Coffee-r\img\left42.jpg --> yongso.ksu.ac.kr /home1/stdnt11/cs201059/public_html/img left42.jpg
2001.05.17 00:38 B C:\My Documents\Coffee-r\img\left51.jpg --> yongso.ksu.ac.kr /home1/stdnt11/cs201059/public_html/img left51.jpg
2001.05.17 00:38 B C:\My Documents\Coffee-r\img\left52.jpg --> yongso.ksu.ac.kr /home1/stdnt11/cs201059/public_html/img left52.jpg
2001.05.17 00:38 B C:\My Documents\Coffee-r\img\left61.jpg --> yongso.ksu.ac.kr /home1/stdnt11/cs201059/public_html/img left61.jpg
2001.05.17 00:38 B C:\My Documents\Coffee-r\img\left62.jpg --> yongso.ksu.ac.kr /home1/stdnt11/cs201059/public_html/img left62.jpg
2001.05.17 00:38 B C:\My Documents\Coffee-r\img\left71.jpg --> yongso.ksu.ac.kr /home1/stdnt11/cs201059/public_html/img left71.jpg
2001.05.17 00:38 B C:\My Documents\Coffee-r\img\left72.jpg --> yongso.ksu.ac.kr /home1/stdnt11/cs201059/public_html/img left72.jpg
2001.05.17 00:47 B C:\My Documents\Coffee-r\img\top1.jpg --> yongso.ksu.ac.kr /home1/stdnt11/cs201059/public_html/img top1.jpg
2001.05.17 00:56 B C:\My Documents\Coffee-r\img\top11.jpg --> yongso.ksu.ac.kr /home1/stdnt11/cs201059/public_html/img top11.jpg
2001.05.17 00:56 B C:\My Documents\Coffee-r\img\top12.jpg --> yongso.ksu.ac.kr /home1/stdnt11/cs201059/public_html/img top12.jpg
2001.05.17 02:10 B C:\My Documents\Coffee-r\img\right1.jpg --> yongso.ksu.ac.kr /home1/stdnt11/cs201059/public_html/img right1.jpg
2001.05.17 02:10 B C:\My Documents\Coffee-r\img\right2.jpg --> yongso.ksu.ac.kr /home1/stdnt11/cs201059/public_html/img right2.jpg
2001.05.17 02:10 B C:\My Documents\Coffee-r\img\right3.jpg --> yongso.ksu.ac.kr /home1/stdnt11/cs201059/public_html/img right3.jpg
2001.05.17 02:10 B C:\My Documents\Coffee-r\img\right4.jpg --> yongso.ksu.ac.kr /home1/stdnt11/cs201059/public_html/img right4.jpg
2001.05.22 23:01 B C:\My Documents\Coffee-r\img\top.jpg --> yongso.ksu.ac.kr /home1/stdnt11/cs201059/public_html/img top.jpg
2001.05.22 23:01 B C:\My Documents\Coffee-r\img\top.jpg --> yongso.ksu.ac.kr /home1/stdnt11/cs201059/public_html/img top.jpg
2001.05.22 23:02 B C:\My Documents\Coffee-r\img\top.jpg --> yongso.ksu.ac.kr /home1/stdnt11/cs201059/public_html/img top.jpg
2001.05.22 23:04 B C:\My Documents\Coffee-r\img\top1.jpg --> yongso.ksu.ac.kr /home1/stdnt11/cs201059/public_html/img top1.jpg
2001.05.31 13:57 B C:\My Documents\Coffee-r\img\index1.jpg <-- Ipswitch /home1/stdnt11/cs201059/public_html/img index1.jpg
2001.05.31 13:57 B C:\My Documents\Coffee-r\img\btitle.jpg --> yongso.ksu.ac.kr /home1/stdnt11/cs201059/public_html/img btitle.jpg
2001.05.31 13:58 B C:\My Documents\Coffee-r\img\btitle.jpg --> yongso.ksu.ac.kr /home1/stdnt11/cs201059/public_html/img btitle.jpg
2001.05.31 14:05 B C:\My Documents\Coffee-r\img\btitle.jpg --> yongso.ksu.ac.kr /home1/stdnt11/cs201059/public_html/img btitle.jpg
2001.05.31 14:05 B C:\My Documents\Coffee-r\img\btitle.jpg --> yongso.ksu.ac.kr /home1/stdnt11/cs201059/public_html/img btitle.jpg
2001.05.31 14:05 B C:\My Documents\Coffee-r\img\btitle.jpg --> yongso.ksu.ac.kr /home1/stdnt11/cs201059/public_html/img btitle.jpg
2001.05.31 14:15 B C:\My Documents\Coffee-r\img\bline.jpg --> yongso.ksu.ac.kr /home1/stdnt11/cs201059/public_html/img bline.jpg
2001.05.31 14:17 B C:\My Documents\Coffee-r\img\bline.jpg --> yongso.ksu.ac.kr /home1/stdnt11/cs201059/public_html/img bline.jpg
2001.05.31 14:27 B C:\My Documents\Coffee-r\img\btitle1.jpg --> yongso.ksu.ac.kr /home1/stdnt11/cs201059/public_html/img btitle1.jpg
2001.05.31 15:14 B C:\My Documents\Coffee-r\img\main01.jpg --> yongso.ksu.ac.kr /home1/stdnt11/cs201059/public_html/img main01.jpg
2001.05.31 15:24 B C:\My Documents\Coffee-r\img\main01.jpg --> yongso.ksu.ac.kr /home1/stdnt11/cs201059/public_html/img main01.jpg
2001.05.31 15:28 B C:\My Documents\Coffee-r\img\main01.jpg --> yongso.ksu.ac.kr /home1/stdnt11/cs201059/public_html/img main01.jpg
2001.05.31 15:30 B C:\My Documents\Coffee-r\img\main01.jpg --> yongso.ksu.ac.kr /home1/stdnt11/cs201059/public_html/img main01.jpg
2001.05.31 16:13 B C:\My Documents\Coffee-r\img\main02.jpg --> yongso.ksu.ac.kr /home1/stdnt11/cs201059/public_html/img main02.jpg
2001.05.31 16:13 B C:\My Documents\Coffee-r\img\main03.jpg --> yongso.ksu.ac.kr /home1/stdnt11/cs201059/public_html/img main03.jpg
2001.05.31 16:13 B C:\My Documents\Coffee-r\img\main04.jpg --> yongso.ksu.ac.kr /home1/stdnt11/cs201059/public_html/img main04.jpg
2001.05.31 16:13 B C:\My Documents\Coffee-r\img\main05.jpg --> yongso.ksu.ac.kr /home1/stdnt11/cs201059/public_html/img main05.jpg
2001.05.31 16:13 B C:\My Documents\Coffee-r\img\main05.jpg --> yongso.ksu.ac.kr /home1/stdnt11/cs201059/public_html/img main05.jpg
2001.05.31 16:46 B C:\My Documents\Coffee-r\img\main01.jpg --> yongso.ksu.ac.kr /home1/stdnt11/cs201059/public_html/img main01.jpg
2001.05.31 16:47 B C:\My Documents\Coffee-r\img\main01.jpg --> yongso.ksu.ac.kr /home1/stdnt11/cs201059/public_html/img main01.jpg
2001.05.31 16:47 B C:\My Documents\Coffee-r\img\main01.jpg --> yongso.ksu.ac.kr /home1/stdnt11/cs201059/public_html/img main01.jpg
2001.05.31 16:48 B C:\My Documents\Coffee-r\img\main01.jpg --> yongso.ksu.ac.kr /home1/stdnt11/cs201059/public_html/img main01.jpg
2001.05.31 16:49 B C:\My Documents\Coffee-r\img\main01.jpg --> yongso.ksu.ac.kr /home1/stdnt11/cs201059/public_html/img main01.jpg
2001.05.31 16:50 B C:\My Documents\Coffee-r\img\main01.jpg --> yongso.ksu.ac.kr /home1/stdnt11/cs201059/public_html/img main01.jpg
2001.05.31 16:51 B C:\My Documents\Coffee-r\img\main01.jpg --> yongso.ksu.ac.kr /home1/stdnt11/cs201059/public_html/img main01.jpg
2001.06.01 21:16 B C:\My Documents\Coffee-r\img\main01.jpg --> yongso.ksu.ac.kr /home1/stdnt11/cs201059/public_html/img main01.jpg
2001.06.01 21:16 B C:\My Documents\Coffee-r\img\main02.jpg --> yongso.ksu.ac.kr /home1/stdnt11/cs201059/public_html/img main02.jpg
2001.06.01 21:16 B C:\My Documents\Coffee-r\img\main03.jpg --> yongso.ksu.ac.kr /home1/stdnt11/cs201059/public_html/img main03.jpg
2001.06.01 21:16 B C:\My Documents\Coffee-r\img\main05.jpg --> yongso.ksu.ac.kr /home1/stdnt11/cs201059/public_html/img main05.jpg
2001.06.01 21:17 B C:\My Documents\Coffee-r\img\main04.jpg --> yongso.ksu.ac.kr /home1/stdnt11/cs201059/public_html/img main04.jpg
2001.06.01 21:23 B C:\My Documents\Coffee-r\img\main03.jpg --> yongso.ksu.ac.kr /home1/stdnt11/cs201059/public_html/img main03.jpg
2001.06.01 21:23 B C:\My Documents\Coffee-r\img\main02.jpg --> yongso.ksu.ac.kr /home1/stdnt11/cs201059/public_html/img main02.jpg
2001.06.01 21:23 B C:\My Documents\Coffee-r\img\bline.jpg --> yongso.ksu.ac.kr /home1/stdnt11/cs201059/public_html/img bline.jpg
2001.06.01 21:24 B C:\My Documents\Coffee-r\img\bline.jpg --> yongso.ksu.ac.kr /home1/stdnt11/cs201059/public_html/img bline.jpg
2001.06.01 21:27 B C:\My Documents\Coffee-r\img\bline.jpg --> yongso.ksu.ac.kr /home1/stdnt11/cs201059/public_html/img bline.jpg
2001.06.01 21:28 B C:\My Documents\Coffee-r\img\bline.jpg --> yongso.ksu.ac.kr /home1/stdnt11/cs201059/public_html/img bline.jpg
2001.06.02 02:11 B C:\My Documents\Coffee-r\img\right.html --> yongso.ksu.ac.kr /home1/stdnt11/cs201059/public_html right.html
2001.06.02 02:11 B C:\My Documents\Coffee-r\img\main11.jpg --> yongso.ksu.ac.kr /home1/stdnt11/cs201059/public_html/img main11.jpg
2001.06.02 02:11 B C:\My Documents\Coffee-r\img\main12.jpg --> yongso.ksu.ac.kr /home1/stdnt11/cs201059/public_html/img main12.jpg
2001.06.02 02:11 B C:\My Documents\Coffee-r\img\main13.jpg --> yongso.ksu.ac.kr /home1/stdnt11/cs201059/public_html/img main13.jpg
2001.06.02 02:11 B C:\My Documents\Coffee-r\img\main14.jpg --> yongso.ksu.ac.kr /home1/stdnt11/cs201059/public_html/img main14.jpg
2001.06.02 02:11 B C:\My Documents\Coffee-r\img\main15.jpg --> yongso.ksu.ac.kr /home1/stdnt11/cs201059/public_html/img main15.jpg
2001.06.02 02:11 B C:\My Documents\Coffee-r\img\main16.jpg --> yongso.ksu.ac.kr /home1/stdnt11/cs201059/public_html/img main16.jpg
2001.06.02 14:10 B C:\My Documents\Coffee-r\img\main15.jpg --> yongso.ksu.ac.kr /home1/stdnt11/cs201059/public_html/img main15.jpg
2001.06.02 14:28 B C:\My Documents\Coffee-r\img\banner.jpg --> yongso.ksu.ac.kr /home1/stdnt11/cs201059/public_html/img banner.jpg
2001.06.02 14:31 B C:\My Documents\Coffee-r\img\main12.jpg --> yongso.ksu.ac.kr /home1/stdnt11/cs201059/public_html/img main12.jpg
2001.06.02 14:32 B C:\My Documents\Coffee-r\img\main02.jpg --> yongso.ksu.ac.kr /home1/stdnt11/cs201059/public_html/img main02.jpg
2001.06.02 14:33 B C:\My Documents\Coffee-r\img\main02.jpg --> yongso.ksu.ac.kr /home1/stdnt11/cs201059/public_html/img main02.jpg
2001.06.02 14:38 B C:\My Documents\Coffee-r\img\details.jpg --> yongso.ksu.ac.kr /home1/stdnt11/cs201059/public_html/img details.jpg
2001.06.02 14:40 B C:\My Documents\Coffee-r\img\details.jpg --> yongso.ksu.ac.kr /home1/stdnt11/cs201059/public_html/img details.jpg
2001.06.02 15:13 B C:\My Documents\Coffee-r\img\btitle1.jpg --> yongso.ksu.ac.kr /home1/stdnt11/cs201059/public_html/img btitle1.jpg
2001.06.02 16:44 B C:\My Documents\Coffee-r\img\btitle1.jpg --> yongso.ksu.ac.kr /home1/stdnt11/cs201059/public_html/img btitle1.jpg
2001.06.03 01:43 B C:\My Documents\Coffee-r\img\kn01.jpg --> yongso.ksu.ac.kr /home1/stdnt11/cs201059/public_html/img kn01.jpg
2001.06.03 01:43 B C:\My Documents\Coffee-r\img\kn02.jpg --> yongso.ksu.ac.kr /home1/stdnt11/cs201059/public_html/img kn02.jpg
2001.06.03 01:43 B C:\My Documents\Coffee-r\img\kn03.jpg --> yongso.ksu.ac.kr /home1/stdnt11/cs201059/public_html/img kn03.jpg
2001.06.03 01:43 B C:\My Documents\Coffee-r\img\kn04.jpg --> yongso.ksu.ac.kr /home1/stdnt11/cs201059/public_html/img kn04.jpg
2001.06.03 01:43 B C:\My Documents\Coffee-r\img\kn05.jpg --> yongso.ksu.ac.kr /home1/stdnt11/cs201059/public_html/img kn05.jpg
2001.06.03 01:44 B C:\My Documents\Coffee-r\img\kn11.jpg --> yongso.ksu.ac.kr /home1/stdnt11/cs201059/public_html/img kn11.jpg
2001.06.03 01:44 B C:\My Documents\Coffee-r\img\kn12.jpg --> yongso.ksu.ac.kr /home1/stdnt11/cs201059/public_html/img kn12.jpg
2001.06.03 01:44 B C:\My Documents\Coffee-r\img\kn13.jpg --> yongso.ksu.ac.kr /home1/stdnt11/cs201059/public_html/img kn13.jpg
2001.06.03 01:44 B C:\My Documents\Coffee-r\img\kn14.jpg --> yongso.ksu.ac.kr /home1/stdnt11/cs201059/public_html/img kn14.jpg
2001.06.03 01:44 B C:\My Documents\Coffee-r\img\kn15.jpg --> yongso.ksu.ac.kr /home1/stdnt11/cs201059/public_html/img kn15.jpg
2001.06.06 20:06 B C:\My Documents\Coffee-r\img\mtitle21.jpg --> yongso.ksu.ac.kr /home1/stdnt11/cs201059/public_html/img mtitle21.jpg
2001.06.06 20:20 B C:\My Documents\Coffee-r\img\gotop.jpg --> yongso.ksu.ac.kr /home1/stdnt11/cs201059/public_html/img gotop.jpg
2001.06.06 22:19 B C:\My Documents\Coffee-r\img\world.jpg --> yongso.ksu.ac.kr /home1/stdnt11/cs201059/public_html/img world.jpg
2001.06.06 22:19 B C:\My Documents\Coffee-r\img\world1.jpg --> yongso.ksu.ac.kr /home1/stdnt11/cs201059/public_html/img world1.jpg
2001.06.06 22:19 B C:\My Documents\Coffee-r\img\world11.jpg --> yongso.ksu.ac.kr /home1/stdnt11/cs201059/public_html/img world11.jpg
2001.06.06 22:19 B C:\My Documents\Coffee-r\img\world2.jpg --> yongso.ksu.ac.kr /home1/stdnt11/cs201059/public_html/img world2.jpg
2001.06.06 22:19 B C:\My Documents\Coffee-r\img\world21.jpg --> yongso.ksu.ac.kr /home1/stdnt11/cs201059/public_html/img world21.jpg
2001.06.06 22:19 B C:\My Documents\Coffee-r\img\world3.jpg --> yongso.ksu.ac.kr /home1/stdnt11/cs201059/public_html/img world3.jpg
2001.06.06 22:19 B C:\My Documents\Coffee-r\img\world31.jpg --> yongso.ksu.ac.kr /home1/stdnt11/cs201059/public_html/img world31.jpg
2001.06.06 22:19 B C:\My Documents\Coffee-r\img\world4.jpg --> yongso.ksu.ac.kr /home1/stdnt11/cs201059/public_html/img world4.jpg
2001.06.06 22:19 B C:\My Documents\Coffee-r\img\world41.jpg --> yongso.ksu.ac.kr /home1/stdnt11/cs201059/public_html/img world41.jpg
2001.06.06 22:19 B C:\My Documents\Coffee-r\img\world5.jpg --> yongso.ksu.ac.kr /home1/stdnt11/cs201059/public_html/img world5.jpg
2001.06.06 22:19 B C:\My Documents\Coffee-r\img\world51.jpg --> yongso.ksu.ac.kr /home1/stdnt11/cs201059/public_html/img world51.jpg
2001.06.06 22:19 B C:\My Documents\Coffee-r\img\world6.jpg --> yongso.ksu.ac.kr /home1/stdnt11/cs201059/public_html/img world6.jpg
2001.06.06 22:19 B C:\My Documents\Coffee-r\img\world61.jpg --> yongso.ksu.ac.kr /home1/stdnt11/cs201059/public_html/img world61.jpg
2001.06.06 22:19 B C:\My Documents\Coffee-r\img\world7.jpg --> yongso.ksu.ac.kr /home1/stdnt11/cs201059/public_html/img world7.jpg
2001.06.06 22:19 B C:\My Documents\Coffee-r\img\world71.jpg --> yongso.ksu.ac.kr /home1/stdnt11/cs201059/public_html/img world71.jpg
2001.06.06 22:20 B C:\My Documents\Coffee-r\img\world.jpg --> yongso.ksu.ac.kr /home1/stdnt11/cs201059/public_html/img world.jpg
2001.06.06 23:15 B C:\My Documents\Coffee-r\img\delbg.jpg --> yongso.ksu.ac.kr /home1/stdnt11/cs201059/public_html delbg.jpg
2001.06.06 23:15 B C:\My Documents\Coffee-r\img\delbg.jpg --> yongso.ksu.ac.kr /home1/stdnt11/cs201059/public_html delbg.jpg
2001.06.06 23:15 B C:\My Documents\Coffee-r\img\delbg.jpg --> yongso.ksu.ac.kr /home1/stdnt11/cs201059/public_html delbg.jpg
2001.06.06 23:17 B C:\My Documents\Coffee-r\img\delbg.jpg --> yongso.ksu.ac.kr /home1/stdnt11/cs201059/public_html/img delbg.jpg
2001.06.06 23:19 B C:\My Documents\Coffee-r\img\delbg.jpg --> yongso.ksu.ac.kr /home1/stdnt11/cs201059/public_html/img delbg.jpg
2001.06.06 23:20 B C:\My Documents\Coffee-r\img\delbg.jpg --> yongso.ksu.ac.kr /home1/stdnt11/cs201059/public_html/img delbg.jpg
2001.06.06 23:24 B C:\My Documents\Coffee-r\img\mtitle23.jpg --> yongso.ksu.ac.kr /home1/stdnt11/cs201059/public_html/img mtitle23.jpg
2001.06.06 23:44 B C:\My Documents\Coffee-r\img\mtitle231.jpg --> yongso.ksu.ac.kr /home1/stdnt11/cs201059/public_html/img mtitle231.jpg
2001.06.07 00:21 B C:\My Documents\Coffee-r\img\mtitle24.jpg --> yongso.ksu.ac.kr /home1/stdnt11/cs201059/public_html/img mtitle24.jpg
2001.06.07 00:21 B C:\My Documents\Coffee-r\img\mtitle241.jpg --> yongso.ksu.ac.kr /home1/stdnt11/cs201059/public_html/img mtitle241.jpg
2001.06.07 01:04 B C:\My Documents\Coffee-r\img\mtitle241.jpg --> yongso.ksu.ac.kr /home1/stdnt11/cs201059/public_html/img mtitle241.jpg
2001.06.07 01:22 B C:\My Documents\Coffee-r\img\mtitle251.jpg --> yongso.ksu.ac.kr /home1/stdnt11/cs201059/public_html/img mtitle251.jpg
2001.06.07 01:22 B C:\My Documents\Coffee-r\img\mtitle25.jpg --> yongso.ksu.ac.kr /home1/stdnt11/cs201059/public_html/img mtitle25.jpg
2001.06.07 02:42 B C:\My Documents\Coffee-r\img\knowcof.jpg --> yongso.ksu.ac.kr /home1/stdnt11/cs201059/public_html/img knowcof.jpg
2001.06.07 02:45 B C:\My Documents\Coffee-r\img\knowcof.jpg --> yongso.ksu.ac.kr /home1/stdnt11/cs201059/public_html/img knowcof.jpg
2001.06.09 13:50 B C:\My Documents\Coffee-r\img\world.jpg --> yongso.ksu.ac.kr /home1/stdnt11/cs201059/public_html/img world.jpg
2001.06.09 14:52 B C:\My Documents\Coffee-r\img\bob11.jpg --> yongso.ksu.ac.kr /home1/stdnt11/cs201059/public_html/img bob11.jpg
2001.06.09 14:53 B C:\My Documents\Coffee-r\img\bob12.jpg --> yongso.ksu.ac.kr /home1/stdnt11/cs201059/public_html/img bob12.jpg
2001.06.09 14:53 B C:\My Documents\Coffee-r\img\bob21.jpg --> yongso.ksu.ac.kr /home1/stdnt11/cs201059/public_html/img bob21.jpg
2001.06.09 14:53 B C:\My Documents\Coffee-r\img\bob22.jpg --> yongso.ksu.ac.kr /home1/stdnt11/cs201059/public_html/img bob22.jpg
2001.06.09 14:53 B C:\My Documents\Coffee-r\img\mtiltle3.jpg --> yongso.ksu.ac.kr /home1/stdnt11/cs201059/public_html/img mtiltle3.jpg
2001.06.09 14:53 B C:\My Documents\Coffee-r\img\banner.jpg --> yongso.ksu.ac.kr /home1/stdnt11/cs201059/public_html/img banner.jpg
2001.06.09 14:57 B C:\My Documents\Coffee-r\img\mtiltle3.jpg --> yongso.ksu.ac.kr /home1/stdnt11/cs201059/public_html/img mtiltle3.jpg
2001.06.09 15:01 B C:\My Documents\Coffee-r\img\bob11.jpg --> yongso.ksu.ac.kr /home1/stdnt11/cs201059/public_html/img bob11.jpg
2001.06.09 15:01 B C:\My Documents\Coffee-r\img\bob12.jpg --> yongso.ksu.ac.kr /home1/stdnt11/cs201059/public_html/img bob12.jpg
2001.06.09 15:01 B C:\My Documents\Coffee-r\img\bob21.jpg --> yongso.ksu.ac.kr /home1/stdnt11/cs201059/public_html/img bob21.jpg
2001.06.09 15:01 B C:\My Documents\Coffee-r\img\bob22.jpg --> yongso.ksu.ac.kr /home1/stdnt11/cs201059/public_html/img bob22.jpg
2001.06.09 15:01 B C:\My Documents\Coffee-r\img\bob11.jpg --> yongso.ksu.ac.kr /home1/stdnt11/cs201059/public_html/img bob11.jpg
2001.06.09 15:01 B C:\My Documents\Coffee-r\img\bob12.jpg --> yongso.ksu.ac.kr /home1/stdnt11/cs201059/public_html/img bob12.jpg
2001.06.09 15:01 B C:\My Documents\Coffee-r\img\bob21.jpg --> yongso.ksu.ac.kr /home1/stdnt11/cs201059/public_html/img bob21.jpg
2001.06.09 15:01 B C:\My Documents\Coffee-r\img\bob22.jpg --> yongso.ksu.ac.kr /home1/stdnt11/cs201059/public_html/img bob22.jpg
2001.06.09 15:02 B C:\My Documents\Coffee-r\img\bob11.jpg --> yongso.ksu.ac.kr /home1/stdnt11/cs201059/public_html/img bob11.jpg
2001.06.09 15:02 B C:\My Documents\Coffee-r\img\bob12.jpg --> yongso.ksu.ac.kr /home1/stdnt11/cs201059/public_html/img bob12.jpg
2001.06.09 15:02 B C:\My Documents\Coffee-r\img\bob21.jpg --> yongso.ksu.ac.kr /home1/stdnt11/cs201059/public_html/img bob21.jpg
2001.06.09 15:02 B C:\My Documents\Coffee-r\img\bob22.jpg --> yongso.ksu.ac.kr /home1/stdnt11/cs201059/public_html/img bob22.jpg
2001.06.09 15:04 B C:\My Documents\Coffee-r\img\mtitle3.jpg --> yongso.ksu.ac.kr /home1/stdnt11/cs201059/public_html/img mtitle3.jpg
2001.06.09 15:24 B C:\My Documents\Coffee-r\img\knowcof.jpg --> yongso.ksu.ac.kr /home1/stdnt11/cs201059/public_html/img knowcof.jpg
2001.06.09 15:26 B C:\My Documents\Coffee-r\img\mtitle3.jpg --> yongso.ksu.ac.kr /home1/stdnt11/cs201059/public_html/img mtitle3.jpg
2001.06.09 16:08 B C:\My Documents\Coffee-r\img\mtitle3.jpg --> yongso.ksu.ac.kr /home1/stdnt11/cs201059/public_html mtitle3.jpg
2001.06.09 16:09 B C:\My Documents\Coffee-r\img\mtitle3.jpg --> yongso.ksu.ac.kr /home1/stdnt11/cs201059/public_html/img mtitle3.jpg
2001.06.09 16:13 B C:\My Documents\Coffee-r\img\mtitle3.jpg --> yongso.ksu.ac.kr /home1/stdnt11/cs201059/public_html/img mtitle3.jpg
2001.06.09 16:47 B C:\My Documents\Coffee-r\img\bb1.jpg --> yongso.ksu.ac.kr /home1/stdnt11/cs201059/public_html/img bb1.jpg
2001.06.09 16:47 B C:\My Documents\Coffee-r\img\bb2.jpg --> yongso.ksu.ac.kr /home1/stdnt11/cs201059/public_html/img bb2.jpg
2001.06.09 16:48 B C:\My Documents\Coffee-r\img\bb3.jpg --> yongso.ksu.ac.kr /home1/stdnt11/cs201059/public_html/img bb3.jpg
2001.06.09 16:48 B C:\My Documents\Coffee-r\img\bb4.jpg --> yongso.ksu.ac.kr /home1/stdnt11/cs201059/public_html/img bb4.jpg
2001.06.09 16:53 B C:\My Documents\Coffee-r\img\knowcof.jpg --> yongso.ksu.ac.kr /home1/stdnt11/cs201059/public_html/img knowcof.jpg
2001.06.09 17:04 B C:\My Documents\Coffee-r\img\bb1.jpg --> yongso.ksu.ac.kr /home1/stdnt11/cs201059/public_html bb1.jpg
2001.06.09 17:04 B C:\My Documents\Coffee-r\img\bb2.jpg --> yongso.ksu.ac.kr /home1/stdnt11/cs201059/public_html bb2.jpg
2001.06.09 17:04 B C:\My Documents\Coffee-r\img\bb3.jpg --> yongso.ksu.ac.kr /home1/stdnt11/cs201059/public_html bb3.jpg
2001.06.09 17:04 B C:\My Documents\Coffee-r\img\bb4.jpg --> yongso.ksu.ac.kr /home1/stdnt11/cs201059/public_html bb4.jpg
2001.06.09 17:11 B C:\My Documents\Coffee-r\img\bb1.jpg --> yongso.ksu.ac.kr /home1/stdnt11/cs201059/public_html bb1.jpg
2001.06.09 17:11 B C:\My Documents\Coffee-r\img\bb2.jpg --> yongso.ksu.ac.kr /home1/stdnt11/cs201059/public_html bb2.jpg
2001.06.09 17:11 B C:\My Documents\Coffee-r\img\bb3.jpg --> yongso.ksu.ac.kr /home1/stdnt11/cs201059/public_html bb3.jpg
2001.06.09 17:11 B C:\My Documents\Coffee-r\img\bb4.jpg --> yongso.ksu.ac.kr /home1/stdnt11/cs201059/public_html bb4.jpg
2001.06.09 17:11 B C:\My Documents\Coffee-r\img\bb1.jpg --> yongso.ksu.ac.kr /home1/stdnt11/cs201059/public_html/img bb1.jpg
2001.06.09 17:11 B C:\My Documents\Coffee-r\img\bb2.jpg --> yongso.ksu.ac.kr /home1/stdnt11/cs201059/public_html/img bb2.jpg
2001.06.09 17:11 B C:\My Documents\Coffee-r\img\bb3.jpg --> yongso.ksu.ac.kr /home1/stdnt11/cs201059/public_html/img bb3.jpg
2001.06.09 17:11 B C:\My Documents\Coffee-r\img\bb4.jpg --> yongso.ksu.ac.kr /home1/stdnt11/cs201059/public_html/img bb4.jpg
2001.06.09 17:25 B C:\My Documents\Coffee-r\img\mtitle21.jpg --> yongso.ksu.ac.kr /home1/stdnt11/cs201059/public_html mtitle21.jpg
2001.06.09 17:25 B C:\My Documents\Coffee-r\img\mtitle23.jpg --> yongso.ksu.ac.kr /home1/stdnt11/cs201059/public_html mtitle23.jpg
2001.06.09 17:25 B C:\My Documents\Coffee-r\img\mtitle231.jpg --> yongso.ksu.ac.kr /home1/stdnt11/cs201059/public_html mtitle231.jpg
2001.06.09 17:25 B C:\My Documents\Coffee-r\img\mtitle24.jpg --> yongso.ksu.ac.kr /home1/stdnt11/cs201059/public_html mtitle24.jpg
2001.06.09 17:25 B C:\My Documents\Coffee-r\img\mtitle241.jpg --> yongso.ksu.ac.kr /home1/stdnt11/cs201059/public_html mtitle241.jpg
2001.06.09 17:25 B C:\My Documents\Coffee-r\img\mtitle25.jpg --> yongso.ksu.ac.kr /home1/stdnt11/cs201059/public_html mtitle25.jpg
2001.06.09 17:25 B C:\My Documents\Coffee-r\img\mtitle251.jpg --> yongso.ksu.ac.kr /home1/stdnt11/cs201059/public_html mtitle251.jpg
2001.06.09 17:25 B C:\My Documents\Coffee-r\img\mtitle3.jpg --> yongso.ksu.ac.kr /home1/stdnt11/cs201059/public_html mtitle3.jpg
2001.06.09 17:26 B C:\My Documents\Coffee-r\img\delbg.jpg --> yongso.ksu.ac.kr /home1/stdnt11/cs201059/public_html delbg.jpg
2001.06.09 17:26 B C:\My Documents\Coffee-r\img\knowcof.jpg --> yongso.ksu.ac.kr /home1/stdnt11/cs201059/public_html knowcof.jpg
2001.06.09 17:27 B C:\My Documents\Coffee-r\img\knowcof.jpg --> yongso.ksu.ac.kr /home1/stdnt11/cs201059/public_html/img knowcof.jpg
2001.06.09 17:27 B C:\My Documents\Coffee-r\img\delbg.jpg --> yongso.ksu.ac.kr /home1/stdnt11/cs201059/public_html/img delbg.jpg
2001.06.09 17:27 B C:\My Documents\Coffee-r\img\mtitle21.jpg --> yongso.ksu.ac.kr /home1/stdnt11/cs201059/public_html/img mtitle21.jpg
2001.06.09 17:27 B C:\My Documents\Coffee-r\img\mtitle23.jpg --> yongso.ksu.ac.kr /home1/stdnt11/cs201059/public_html/img mtitle23.jpg
2001.06.09 17:27 B C:\My Documents\Coffee-r\img\mtitle231.jpg --> yongso.ksu.ac.kr /home1/stdnt11/cs201059/public_html/img mtitle231.jpg
2001.06.09 17:27 B C:\My Documents\Coffee-r\img\mtitle24.jpg --> yongso.ksu.ac.kr /home1/stdnt11/cs201059/public_html/img mtitle24.jpg
2001.06.09 17:27 B C:\My Documents\Coffee-r\img\mtitle241.jpg --> yongso.ksu.ac.kr /home1/stdnt11/cs201059/public_html/img mtitle241.jpg
2001.06.09 17:27 B C:\My Documents\Coffee-r\img\mtitle25.jpg --> yongso.ksu.ac.kr /home1/stdnt11/cs201059/public_html/img mtitle25.jpg
2001.06.09 17:27 B C:\My Documents\Coffee-r\img\mtitle251.jpg --> yongso.ksu.ac.kr /home1/stdnt11/cs201059/public_html/img mtitle251.jpg
2001.06.09 17:33 B C:\My Documents\Coffee-r\img\knowcof1.jpg --> yongso.ksu.ac.kr /home1/stdnt11/cs201059/public_html/img knowcof1.jpg
2001.06.09 23:39 B C:\My Documents\Coffee-r\img\coltitle.jpg --> yongso.ksu.ac.kr /home1/stdnt11/cs201059/public_html/img coltitle.jpg
2001.06.09 23:39 B C:\My Documents\Coffee-r\img\hottitle.jpg --> yongso.ksu.ac.kr /home1/stdnt11/cs201059/public_html/img hottitle.jpg
2001.06.09 23:45 B C:\My Documents\Coffee-r\img\coltitle.jpg --> yongso.ksu.ac.kr /home1/stdnt11/cs201059/public_html/img coltitle.jpg
2001.06.09 23:45 B C:\My Documents\Coffee-r\img\hottitle.jpg --> yongso.ksu.ac.kr /home1/stdnt11/cs201059/public_html/img hottitle.jpg
2001.06.10 00:39 B C:\My Documents\Coffee-r\img\pro.jpg --> yongso.ksu.ac.kr /home1/stdnt11/cs201059/public_html/img pro.jpg
2001.06.10 00:42 B C:\My Documents\Coffee-r\img\pro.jpg --> yongso.ksu.ac.kr /home1/stdnt11/cs201059/public_html/img pro.jpg
2001.06.10 00:44 B C:\My Documents\Coffee-r\img\pro.jpg --> yongso.ksu.ac.kr /home1/stdnt11/cs201059/public_html/img pro.jpg
2001.06.10 00:47 B C:\My Documents\Coffee-r\img\pro.jpg --> yongso.ksu.ac.kr /home1/stdnt11/cs201059/public_html/img pro.jpg
2001.06.10 00:55 B C:\My Documents\Coffee-r\img\pro.jpg --> yongso.ksu.ac.kr /home1/stdnt11/cs201059/public_html/img pro.jpg
2001.06.10 00:55 B C:\My Documents\Coffee-r\img\pro.jpg --> yongso.ksu.ac.kr /home1/stdnt11/cs201059/public_html/img pro.jpg
2001.06.10 00:59 B C:\My Documents\Coffee-r\img\pro.jpg --> yongso.ksu.ac.kr /home1/stdnt11/cs201059/public_html/img pro.jpg
2001.06.10 02:09 B C:\My Documents\Coffee-r\img\pro.jpg --> yongso.ksu.ac.kr /home1/stdnt11/cs201059/public_html/img pro.jpg
2001.06.10 04:00 B C:\My Documents\Coffee-r\img\intitle.jpg --> yongso.ksu.ac.kr /home1/stdnt11/cs201059/public_html/img intitle.jpg
2001.06.10 04:20 B C:\My Documents\Coffee-r\img\in01.gif --> yongso.ksu.ac.kr /home1/stdnt11/cs201059/public_html/img in01.gif
2001.06.10 04:20 B C:\My Documents\Coffee-r\img\in02.gif --> yongso.ksu.ac.kr /home1/stdnt11/cs201059/public_html/img in02.gif
2001.06.10 04:20 B C:\My Documents\Coffee-r\img\in03.gif --> yongso.ksu.ac.kr /home1/stdnt11/cs201059/public_html/img in03.gif
2001.06.10 04:20 B C:\My Documents\Coffee-r\img\in04.gif --> yongso.ksu.ac.kr /home1/stdnt11/cs201059/public_html/img in04.gif
2001.06.10 04:20 B C:\My Documents\Coffee-r\img\in05.gif --> yongso.ksu.ac.kr /home1/stdnt11/cs201059/public_html/img in05.gif
2001.06.10 04:24 B C:\My Documents\Coffee-r\img\in04.gif --> yongso.ksu.ac.kr /home1/stdnt11/cs201059/public_html/img in04.gif
2001.06.10 20:13 B C:\My Documents\Coffee-r\img\with.jpg --> yongso.ksu.ac.kr /home1/stdnt11/cs201059/public_html/img with.jpg
2001.06.10 20:23 B C:\My Documents\Coffee-r\img\with.jpg --> yongso.ksu.ac.kr /home1/stdnt11/cs201059/public_html/img with.jpg
2001.06.10 20:42 B C:\My Documents\Coffee-r\img\c01.gif --> yongso.ksu.ac.kr /home1/stdnt11/cs201059/public_html/img c01.gif
2001.06.10 20:42 B C:\My Documents\Coffee-r\img\c02.gif --> yongso.ksu.ac.kr /home1/stdnt11/cs201059/public_html/img c02.gif
2001.06.10 20:42 B C:\My Documents\Coffee-r\img\c03.gif --> yongso.ksu.ac.kr /home1/stdnt11/cs201059/public_html/img c03.gif
2001.06.10 20:42 B C:\My Documents\Coffee-r\img\c04.gif --> yongso.ksu.ac.kr /home1/stdnt11/cs201059/public_html/img c04.gif
2001.06.10 20:42 B C:\My Documents\Coffee-r\img\c05.gif --> yongso.ksu.ac.kr /home1/stdnt11/cs201059/public_html/img c05.gif
2001.06.10 20:42 B C:\My Documents\Coffee-r\img\c06.gif --> yongso.ksu.ac.kr /home1/stdnt11/cs201059/public_html/img c06.gif
2001.06.10 20:42 B C:\My Documents\Coffee-r\img\c07.gif --> yongso.ksu.ac.kr /home1/stdnt11/cs201059/public_html/img c07.gif
2001.06.10 20:42 B C:\My Documents\Coffee-r\img\c08.gif --> yongso.ksu.ac.kr /home1/stdnt11/cs201059/public_html/img c08.gif
2001.06.10 20:42 B C:\My Documents\Coffee-r\img\c09.gif --> yongso.ksu.ac.kr /home1/stdnt11/cs201059/public_html/img c09.gif
2001.06.10 20:42 B C:\My Documents\Coffee-r\img\c10.gif --> yongso.ksu.ac.kr /home1/stdnt11/cs201059/public_html/img c10.gif
2001.06.10 20:42 B C:\My Documents\Coffee-r\img\c11.gif --> yongso.ksu.ac.kr /home1/stdnt11/cs201059/public_html/img c11.gif
2001.06.10 20:42 B C:\My Documents\Coffee-r\img\c12.gif --> yongso.ksu.ac.kr /home1/stdnt11/cs201059/public_html/img c12.gif
2001.06.10 20:42 B C:\My Documents\Coffee-r\img\c13.gif --> yongso.ksu.ac.kr /home1/stdnt11/cs201059/public_html/img c13.gif
2001.06.10 20:42 B C:\My Documents\Coffee-r\img\col01.gif --> yongso.ksu.ac.kr /home1/stdnt11/cs201059/public_html/img col01.gif
2001.06.10 20:42 B C:\My Documents\Coffee-r\img\col02.gif --> yongso.ksu.ac.kr /home1/stdnt11/cs201059/public_html/img col02.gif
2001.06.10 20:42 B C:\My Documents\Coffee-r\img\col03.gif --> yongso.ksu.ac.kr /home1/stdnt11/cs201059/public_html/img col03.gif
2001.06.10 20:42 B C:\My Documents\Coffee-r\img\col04.gif --> yongso.ksu.ac.kr /home1/stdnt11/cs201059/public_html/img col04.gif
2001.06.10 20:42 B C:\My Documents\Coffee-r\img\col05.gif --> yongso.ksu.ac.kr /home1/stdnt11/cs201059/public_html/img col05.gif
2001.06.10 20:42 B C:\My Documents\Coffee-r\img\col06.gif --> yongso.ksu.ac.kr /home1/stdnt11/cs201059/public_html/img col06.gif
2001.06.10 20:44 B C:\My Documents\Coffee-r\img\hot01.gif --> yongso.ksu.ac.kr /home1/stdnt11/cs201059/public_html/img hot01.gif
2001.06.10 20:44 B C:\My Documents\Coffee-r\img\hot02.gif --> yongso.ksu.ac.kr /home1/stdnt11/cs201059/public_html/img hot02.gif
2001.06.10 20:44 B C:\My Documents\Coffee-r\img\hot03.gif --> yongso.ksu.ac.kr /home1/stdnt11/cs201059/public_html/img hot03.gif
2001.06.10 20:44 B C:\My Documents\Coffee-r\img\hot04.gif --> yongso.ksu.ac.kr /home1/stdnt11/cs201059/public_html/img hot04.gif
2001.06.10 20:52 B C:\My Documents\Coffee-r\img\hot01.gif --> yongso.ksu.ac.kr /home1/stdnt11/cs201059/public_html/img hot01.gif
2001.06.10 20:52 B C:\My Documents\Coffee-r\img\hot02.gif --> yongso.ksu.ac.kr /home1/stdnt11/cs201059/public_html/img hot02.gif
2001.06.10 20:52 B C:\My Documents\Coffee-r\img\hot03.gif --> yongso.ksu.ac.kr /home1/stdnt11/cs201059/public_html/img hot03.gif
2001.06.10 20:52 B C:\My Documents\Coffee-r\img\hot04.gif --> yongso.ksu.ac.kr /home1/stdnt11/cs201059/public_html/img hot04.gif
2001.06.10 21:06 B C:\My Documents\Coffee-r\img\main01.jpg --> yongso.ksu.ac.kr /home1/stdnt11/cs201059/public_html/img main01.jpg
2001.06.10 22:15 B C:\My Documents\Coffee-r\img\beauty.jpg --> yongso.ksu.ac.kr /home1/stdnt11/cs201059/public_html/img beauty.jpg
2001.06.10 22:15 B C:\My Documents\Coffee-r\img\beauty1.jpg --> yongso.ksu.ac.kr /home1/stdnt11/cs201059/public_html/img beauty1.jpg
2001.06.10 22:15 B C:\My Documents\Coffee-r\img\cook.jpg --> yongso.ksu.ac.kr /home1/stdnt11/cs201059/public_html/img cook.jpg
2001.06.10 22:15 B C:\My Documents\Coffee-r\img\cook1.jpg --> yongso.ksu.ac.kr /home1/stdnt11/cs201059/public_html/img cook1.jpg
2001.06.10 22:31 B C:\My Documents\Coffee-r\img\c01.gif --> yongso.ksu.ac.kr /home1/stdnt11/cs201059/public_html/img c01.gif
2001.06.10 22:31 B C:\My Documents\Coffee-r\img\c02.gif --> yongso.ksu.ac.kr /home1/stdnt11/cs201059/public_html/img c02.gif
2001.06.10 22:31 B C:\My Documents\Coffee-r\img\c03.gif --> yongso.ksu.ac.kr /home1/stdnt11/cs201059/public_html/img c03.gif
2001.06.10 22:31 B C:\My Documents\Coffee-r\img\c04.gif --> yongso.ksu.ac.kr /home1/stdnt11/cs201059/public_html/img c04.gif
2001.06.10 22:32 B C:\My Documents\Coffee-r\img\c05.gif --> yongso.ksu.ac.kr /home1/stdnt11/cs201059/public_html/img c05.gif
2001.06.10 22:32 B C:\My Documents\Coffee-r\img\c06.gif --> yongso.ksu.ac.kr /home1/stdnt11/cs201059/public_html/img c06.gif
2001.06.10 22:32 B C:\My Documents\Coffee-r\img\c07.gif --> yongso.ksu.ac.kr /home1/stdnt11/cs201059/public_html/img c07.gif
2001.06.10 22:32 B C:\My Documents\Coffee-r\img\c08.gif --> yongso.ksu.ac.kr /home1/stdnt11/cs201059/public_html/img c08.gif
2001.06.10 22:32 B C:\My Documents\Coffee-r\img\c09.gif --> yongso.ksu.ac.kr /home1/stdnt11/cs201059/public_html/img c09.gif
2001.06.10 22:32 B C:\My Documents\Coffee-r\img\c10.gif --> yongso.ksu.ac.kr /home1/stdnt11/cs201059/public_html/img c10.gif
2001.06.10 22:32 B C:\My Documents\Coffee-r\img\c11.gif --> yongso.ksu.ac.kr /home1/stdnt11/cs201059/public_html/img c11.gif
2001.06.10 22:32 B C:\My Documents\Coffee-r\img\c12.gif --> yongso.ksu.ac.kr /home1/stdnt11/cs201059/public_html/img c12.gif
2001.06.10 23:06 B C:\My Documents\Coffee-r\img\prev.jpg --> yongso.ksu.ac.kr /home1/stdnt11/cs201059/public_html/img prev.jpg
2001.06.10 23:06 B C:\My Documents\Coffee-r\img\next.jpg --> yongso.ksu.ac.kr /home1/stdnt11/cs201059/public_html/img next.jpg
2001.06.12 00:56 B C:\My Documents\Coffee-r\img\details.jpg --> yongso.ksu.ac.kr /home1/stdnt11/cs201059/public_html/img details.jpg
